{"/media/nurmuhammad/Projects/personal-finance/src/shared/components/flex-box.ts": {"path":"/media/nurmuhammad/Projects/personal-finance/src/shared/components/flex-box.ts","statementMap":{"0":{"start":{"line":1,"column":0},"end":{"line":1,"column":38}},"1":{"start":{"line":17,"column":13},"end":{"line":29,"column":null}},"2":{"start":{"line":19,"column":46},"end":{"line":19,"column":72}},"3":{"start":{"line":20,"column":38},"end":{"line":20,"column":60}},"4":{"start":{"line":21,"column":34},"end":{"line":21,"column":55}},"5":{"start":{"line":22,"column":38},"end":{"line":22,"column":55}},"6":{"start":{"line":23,"column":27},"end":{"line":23,"column":43}},"7":{"start":{"line":24,"column":29},"end":{"line":24,"column":46}},"8":{"start":{"line":25,"column":34},"end":{"line":25,"column":53}},"9":{"start":{"line":26,"column":23},"end":{"line":26,"column":34}},"10":{"start":{"line":27,"column":34},"end":{"line":27,"column":50}},"11":{"start":{"line":28,"column":29},"end":{"line":28,"column":43}}},"fnMap":{"0":{"name":"(anonymous_1)","decl":{"start":{"line":19,"column":21},"end":{"line":19,"column":22}},"loc":{"start":{"line":19,"column":46},"end":{"line":19,"column":72}}},"1":{"name":"(anonymous_2)","decl":{"start":{"line":20,"column":17},"end":{"line":20,"column":18}},"loc":{"start":{"line":20,"column":38},"end":{"line":20,"column":60}}},"2":{"name":"(anonymous_3)","decl":{"start":{"line":21,"column":15},"end":{"line":21,"column":16}},"loc":{"start":{"line":21,"column":34},"end":{"line":21,"column":55}}},"3":{"name":"(anonymous_4)","decl":{"start":{"line":22,"column":20},"end":{"line":22,"column":21}},"loc":{"start":{"line":22,"column":38},"end":{"line":22,"column":55}}},"4":{"name":"(anonymous_5)","decl":{"start":{"line":23,"column":11},"end":{"line":23,"column":12}},"loc":{"start":{"line":23,"column":27},"end":{"line":23,"column":43}}},"5":{"name":"(anonymous_6)","decl":{"start":{"line":24,"column":12},"end":{"line":24,"column":13}},"loc":{"start":{"line":24,"column":29},"end":{"line":24,"column":46}}},"6":{"name":"(anonymous_7)","decl":{"start":{"line":25,"column":15},"end":{"line":25,"column":16}},"loc":{"start":{"line":25,"column":34},"end":{"line":25,"column":53}}},"7":{"name":"(anonymous_8)","decl":{"start":{"line":26,"column":9},"end":{"line":26,"column":10}},"loc":{"start":{"line":26,"column":23},"end":{"line":26,"column":34}}},"8":{"name":"(anonymous_9)","decl":{"start":{"line":27,"column":15},"end":{"line":27,"column":16}},"loc":{"start":{"line":27,"column":34},"end":{"line":27,"column":50}}},"9":{"name":"(anonymous_10)","decl":{"start":{"line":28,"column":12},"end":{"line":28,"column":13}},"loc":{"start":{"line":28,"column":29},"end":{"line":28,"column":43}}}},"branchMap":{"0":{"loc":{"start":{"line":19,"column":46},"end":{"line":19,"column":72}},"type":"binary-expr","locations":[{"start":{"line":19,"column":46},"end":{"line":19,"column":61}},{"start":{"line":19,"column":65},"end":{"line":19,"column":72}}]},"1":{"loc":{"start":{"line":20,"column":38},"end":{"line":20,"column":60}},"type":"binary-expr","locations":[{"start":{"line":20,"column":38},"end":{"line":20,"column":49}},{"start":{"line":20,"column":53},"end":{"line":20,"column":60}}]},"2":{"loc":{"start":{"line":21,"column":34},"end":{"line":21,"column":55}},"type":"binary-expr","locations":[{"start":{"line":21,"column":34},"end":{"line":21,"column":43}},{"start":{"line":21,"column":47},"end":{"line":21,"column":55}}]},"3":{"loc":{"start":{"line":22,"column":38},"end":{"line":22,"column":55}},"type":"binary-expr","locations":[{"start":{"line":22,"column":38},"end":{"line":22,"column":46}},{"start":{"line":22,"column":50},"end":{"line":22,"column":55}}]},"4":{"loc":{"start":{"line":23,"column":27},"end":{"line":23,"column":43}},"type":"binary-expr","locations":[{"start":{"line":23,"column":27},"end":{"line":23,"column":33}},{"start":{"line":23,"column":37},"end":{"line":23,"column":43}}]},"5":{"loc":{"start":{"line":24,"column":29},"end":{"line":24,"column":46}},"type":"binary-expr","locations":[{"start":{"line":24,"column":29},"end":{"line":24,"column":36}},{"start":{"line":24,"column":40},"end":{"line":24,"column":46}}]},"6":{"loc":{"start":{"line":25,"column":34},"end":{"line":25,"column":53}},"type":"binary-expr","locations":[{"start":{"line":25,"column":34},"end":{"line":25,"column":43}},{"start":{"line":25,"column":47},"end":{"line":25,"column":53}}]},"7":{"loc":{"start":{"line":26,"column":23},"end":{"line":26,"column":34}},"type":"binary-expr","locations":[{"start":{"line":26,"column":23},"end":{"line":26,"column":27}},{"start":{"line":26,"column":31},"end":{"line":26,"column":34}}]},"8":{"loc":{"start":{"line":27,"column":34},"end":{"line":27,"column":50}},"type":"binary-expr","locations":[{"start":{"line":27,"column":34},"end":{"line":27,"column":43}},{"start":{"line":27,"column":47},"end":{"line":27,"column":50}}]},"9":{"loc":{"start":{"line":28,"column":29},"end":{"line":28,"column":43}},"type":"binary-expr","locations":[{"start":{"line":28,"column":29},"end":{"line":28,"column":36}},{"start":{"line":28,"column":40},"end":{"line":28,"column":43}}]}},"s":{"0":0,"1":0,"2":0,"3":0,"4":0,"5":0,"6":0,"7":0,"8":0,"9":0,"10":0,"11":0},"f":{"0":0,"1":0,"2":0,"3":0,"4":0,"5":0,"6":0,"7":0,"8":0,"9":0},"b":{"0":[0,0],"1":[0,0],"2":[0,0],"3":[0,0],"4":[0,0],"5":[0,0],"6":[0,0],"7":[0,0],"8":[0,0],"9":[0,0]}}
,"/media/nurmuhammad/Projects/personal-finance/src/shared/components/header-wrapper.ts": {"path":"/media/nurmuhammad/Projects/personal-finance/src/shared/components/header-wrapper.ts","statementMap":{"0":{"start":{"line":1,"column":0},"end":{"line":1,"column":38}},"1":{"start":{"line":2,"column":0},"end":{"line":2,"column":53}},"2":{"start":{"line":5,"column":13},"end":{"line":8,"column":null}},"3":{"start":{"line":7,"column":23},"end":{"line":7,"column":63}}},"fnMap":{"0":{"name":"(anonymous_1)","decl":{"start":{"line":7,"column":4},"end":{"line":7,"column":5}},"loc":{"start":{"line":7,"column":23},"end":{"line":7,"column":63}}}},"branchMap":{"0":{"loc":{"start":{"line":7,"column":23},"end":{"line":7,"column":63}},"type":"binary-expr","locations":[{"start":{"line":7,"column":23},"end":{"line":7,"column":32}},{"start":{"line":7,"column":36},"end":{"line":7,"column":63}}]}},"s":{"0":0,"1":0,"2":0,"3":0},"f":{"0":0},"b":{"0":[0,0]}}
,"/media/nurmuhammad/Projects/personal-finance/src/shared/components/hello.tsx": {"path":"/media/nurmuhammad/Projects/personal-finance/src/shared/components/hello.tsx","statementMap":{"0":{"start":{"line":1,"column":14},"end":{"line":3,"column":1}},"1":{"start":{"line":2,"column":2},"end":{"line":2,"column":null}},"2":{"start":{"line":4,"column":0},"end":{"line":4,"column":null}}},"fnMap":{"0":{"name":"(anonymous_0)","decl":{"start":{"line":1,"column":14},"end":{"line":1,"column":17}},"loc":{"start":{"line":1,"column":19},"end":{"line":3,"column":1}}}},"branchMap":{},"s":{"0":1,"1":1,"2":1},"f":{"0":1},"b":{}}
,"/media/nurmuhammad/Projects/personal-finance/src/shared/components/link-button.ts": {"path":"/media/nurmuhammad/Projects/personal-finance/src/shared/components/link-button.ts","statementMap":{"0":{"start":{"line":1,"column":0},"end":{"line":1,"column":38}},"1":{"start":{"line":3,"column":13},"end":{"line":9,"column":null}},"2":{"start":{"line":6,"column":26},"end":{"line":6,"column":39}}},"fnMap":{"0":{"name":"(anonymous_1)","decl":{"start":{"line":6,"column":11},"end":{"line":6,"column":12}},"loc":{"start":{"line":6,"column":26},"end":{"line":6,"column":39}}}},"branchMap":{},"s":{"0":0,"1":0,"2":0},"f":{"0":0},"b":{}}
,"/media/nurmuhammad/Projects/personal-finance/src/shared/components/paper.ts": {"path":"/media/nurmuhammad/Projects/personal-finance/src/shared/components/paper.ts","statementMap":{"0":{"start":{"line":1,"column":0},"end":{"line":1,"column":38}},"1":{"start":{"line":3,"column":13},"end":{"line":8,"column":null}},"2":{"start":{"line":4,"column":37},"end":{"line":4,"column":57}}},"fnMap":{"0":{"name":"(anonymous_1)","decl":{"start":{"line":4,"column":22},"end":{"line":4,"column":23}},"loc":{"start":{"line":4,"column":37},"end":{"line":4,"column":57}}}},"branchMap":{},"s":{"0":0,"1":0,"2":0},"f":{"0":0},"b":{}}
,"/media/nurmuhammad/Projects/personal-finance/src/shared/components/breadcrumbs/index.tsx": {"path":"/media/nurmuhammad/Projects/personal-finance/src/shared/components/breadcrumbs/index.tsx","statementMap":{"0":{"start":{"line":2,"column":0},"end":{"line":2,"column":32}},"1":{"start":{"line":5,"column":0},"end":{"line":5,"column":44}},"2":{"start":{"line":8,"column":0},"end":{"line":8,"column":26}},"3":{"start":{"line":10,"column":20},"end":{"line":18,"column":null}},"4":{"start":{"line":11,"column":2},"end":{"line":17,"column":null}},"5":{"start":{"line":13,"column":6},"end":{"line":13,"column":null}},"6":{"start":{"line":21,"column":0},"end":{"line":21,"column":null}}},"fnMap":{"0":{"name":"(anonymous_1)","decl":{"start":{"line":10,"column":20},"end":{"line":10,"column":21}},"loc":{"start":{"line":11,"column":2},"end":{"line":17,"column":null}}},"1":{"name":"(anonymous_2)","decl":{"start":{"line":12,"column":15},"end":{"line":12,"column":16}},"loc":{"start":{"line":13,"column":6},"end":{"line":13,"column":null}}}},"branchMap":{"0":{"loc":{"start":{"line":14,"column":9},"end":{"line":14,"column":78}},"type":"binary-expr","locations":[{"start":{"line":14,"column":9},"end":{"line":14,"column":20}},{"start":{"line":14,"column":24},"end":{"line":14,"column":78}}]},"1":{"loc":{"start":{"line":15,"column":9},"end":{"line":15,"column":68}},"type":"cond-expr","locations":[{"start":{"line":15,"column":38},"end":{"line":15,"column":61}},{"start":{"line":15,"column":64},"end":{"line":15,"column":68}}]}},"s":{"0":0,"1":0,"2":0,"3":0,"4":0,"5":0,"6":0},"f":{"0":0,"1":0},"b":{"0":[0,0],"1":[0,0]}}
,"/media/nurmuhammad/Projects/personal-finance/src/shared/components/breadcrumbs/styles.ts": {"path":"/media/nurmuhammad/Projects/personal-finance/src/shared/components/breadcrumbs/styles.ts","statementMap":{"0":{"start":{"line":1,"column":0},"end":{"line":1,"column":38}},"1":{"start":{"line":3,"column":0},"end":{"line":3,"column":51}},"2":{"start":{"line":5,"column":13},"end":{"line":13,"column":null}},"3":{"start":{"line":15,"column":13},"end":{"line":17,"column":null}},"4":{"start":{"line":16,"column":26},"end":{"line":16,"column":39}}},"fnMap":{"0":{"name":"(anonymous_1)","decl":{"start":{"line":16,"column":11},"end":{"line":16,"column":12}},"loc":{"start":{"line":16,"column":26},"end":{"line":16,"column":39}}}},"branchMap":{},"s":{"0":0,"1":0,"2":0,"3":0,"4":0},"f":{"0":0},"b":{}}
,"/media/nurmuhammad/Projects/personal-finance/src/shared/components/button/index.tsx": {"path":"/media/nurmuhammad/Projects/personal-finance/src/shared/components/button/index.tsx","statementMap":{"0":{"start":{"line":1,"column":0},"end":{"line":1,"column":34}},"1":{"start":{"line":2,"column":0},"end":{"line":2,"column":32}},"2":{"start":{"line":3,"column":0},"end":{"line":3,"column":39}},"3":{"start":{"line":6,"column":15},"end":{"line":14,"column":null}},"4":{"start":{"line":8,"column":4},"end":{"line":13,"column":null}},"5":{"start":{"line":17,"column":0},"end":{"line":17,"column":null}},"6":{"start":{"line":19,"column":0},"end":{"line":19,"column":null}}},"fnMap":{"0":{"name":"(anonymous_1)","decl":{"start":{"line":7,"column":2},"end":{"line":7,"column":3}},"loc":{"start":{"line":7,"column":95},"end":{"line":14,"column":3}}}},"branchMap":{"0":{"loc":{"start":{"line":7,"column":5},"end":{"line":7,"column":25}},"type":"default-arg","locations":[{"start":{"line":7,"column":16},"end":{"line":7,"column":25}}]},"1":{"loc":{"start":{"line":7,"column":37},"end":{"line":7,"column":54}},"type":"default-arg","locations":[{"start":{"line":7,"column":49},"end":{"line":7,"column":54}}]},"2":{"loc":{"start":{"line":7,"column":56},"end":{"line":7,"column":74}},"type":"default-arg","locations":[{"start":{"line":7,"column":69},"end":{"line":7,"column":74}}]},"3":{"loc":{"start":{"line":10,"column":9},"end":{"line":10,"column":33}},"type":"binary-expr","locations":[{"start":{"line":10,"column":9},"end":{"line":10,"column":18}},{"start":{"line":10,"column":22},"end":{"line":10,"column":33}}]}},"s":{"0":1,"1":1,"2":1,"3":1,"4":5,"5":1,"6":1},"f":{"0":5},"b":{"0":[5],"1":[3],"2":[4],"3":[5,2]}}
,"/media/nurmuhammad/Projects/personal-finance/src/shared/components/button/styles.ts": {"path":"/media/nurmuhammad/Projects/personal-finance/src/shared/components/button/styles.ts","statementMap":{"0":{"start":{"line":1,"column":0},"end":{"line":1,"column":47}},"1":{"start":{"line":3,"column":0},"end":{"line":3,"column":44}},"2":{"start":{"line":5,"column":23},"end":{"line":30,"column":null}},"3":{"start":{"line":7,"column":39},"end":{"line":7,"column":52}},"4":{"start":{"line":8,"column":28},"end":{"line":8,"column":51}},"5":{"start":{"line":15,"column":39},"end":{"line":15,"column":52}},"6":{"start":{"line":16,"column":28},"end":{"line":16,"column":41}},"7":{"start":{"line":19,"column":41},"end":{"line":19,"column":54}},"8":{"start":{"line":20,"column":30},"end":{"line":20,"column":53}},"9":{"start":{"line":25,"column":28},"end":{"line":25,"column":44}},"10":{"start":{"line":27,"column":41},"end":{"line":27,"column":53}},"11":{"start":{"line":32,"column":13},"end":{"line":57,"column":null}},"12":{"start":{"line":45,"column":34},"end":{"line":45,"column":58}},"13":{"start":{"line":47,"column":4},"end":{"line":51,"column":null}},"14":{"start":{"line":53,"column":4},"end":{"line":56,"column":null}}},"fnMap":{"0":{"name":"(anonymous_6)","decl":{"start":{"line":7,"column":24},"end":{"line":7,"column":25}},"loc":{"start":{"line":7,"column":39},"end":{"line":7,"column":52}}},"1":{"name":"(anonymous_7)","decl":{"start":{"line":8,"column":13},"end":{"line":8,"column":14}},"loc":{"start":{"line":8,"column":28},"end":{"line":8,"column":51}}},"2":{"name":"(anonymous_8)","decl":{"start":{"line":15,"column":24},"end":{"line":15,"column":25}},"loc":{"start":{"line":15,"column":39},"end":{"line":15,"column":52}}},"3":{"name":"(anonymous_9)","decl":{"start":{"line":16,"column":13},"end":{"line":16,"column":14}},"loc":{"start":{"line":16,"column":28},"end":{"line":16,"column":41}}},"4":{"name":"(anonymous_10)","decl":{"start":{"line":19,"column":26},"end":{"line":19,"column":27}},"loc":{"start":{"line":19,"column":41},"end":{"line":19,"column":54}}},"5":{"name":"(anonymous_11)","decl":{"start":{"line":20,"column":15},"end":{"line":20,"column":16}},"loc":{"start":{"line":20,"column":30},"end":{"line":20,"column":53}}},"6":{"name":"(anonymous_12)","decl":{"start":{"line":25,"column":13},"end":{"line":25,"column":14}},"loc":{"start":{"line":25,"column":28},"end":{"line":25,"column":44}}},"7":{"name":"(anonymous_13)","decl":{"start":{"line":27,"column":26},"end":{"line":27,"column":27}},"loc":{"start":{"line":27,"column":41},"end":{"line":27,"column":53}}},"8":{"name":"(anonymous_14)","decl":{"start":{"line":45,"column":4},"end":{"line":45,"column":5}},"loc":{"start":{"line":45,"column":34},"end":{"line":45,"column":58}}},"9":{"name":"(anonymous_15)","decl":{"start":{"line":46,"column":4},"end":{"line":46,"column":5}},"loc":{"start":{"line":47,"column":4},"end":{"line":51,"column":null}}},"10":{"name":"(anonymous_16)","decl":{"start":{"line":52,"column":4},"end":{"line":52,"column":5}},"loc":{"start":{"line":53,"column":4},"end":{"line":56,"column":null}}}},"branchMap":{"0":{"loc":{"start":{"line":45,"column":7},"end":{"line":45,"column":27}},"type":"default-arg","locations":[{"start":{"line":45,"column":18},"end":{"line":45,"column":27}}]},"1":{"loc":{"start":{"line":47,"column":4},"end":{"line":51,"column":null}},"type":"binary-expr","locations":[{"start":{"line":47,"column":4},"end":{"line":47,"column":12}},{"start":{"line":48,"column":4},"end":{"line":51,"column":null}}]},"2":{"loc":{"start":{"line":53,"column":4},"end":{"line":56,"column":null}},"type":"binary-expr","locations":[{"start":{"line":53,"column":4},"end":{"line":53,"column":14}},{"start":{"line":54,"column":4},"end":{"line":56,"column":null}}]}},"s":{"0":1,"1":1,"2":1,"3":5,"4":5,"5":0,"6":0,"7":0,"8":0,"9":0,"10":0,"11":1,"12":5,"13":5,"14":5},"f":{"0":5,"1":5,"2":0,"3":0,"4":0,"5":0,"6":0,"7":0,"8":5,"9":5,"10":5},"b":{"0":[0],"1":[5,2],"2":[5,1]}}
,"/media/nurmuhammad/Projects/personal-finance/src/shared/components/category-form/form-schema.ts": {"path":"/media/nurmuhammad/Projects/personal-finance/src/shared/components/category-form/form-schema.ts","statementMap":{"0":{"start":{"line":1,"column":0},"end":{"line":1,"column":23}},"1":{"start":{"line":3,"column":13},"end":{"line":5,"column":null}}},"fnMap":{},"branchMap":{},"s":{"0":0,"1":0},"f":{},"b":{}}
,"/media/nurmuhammad/Projects/personal-finance/src/shared/components/category-form/income-category-form.tsx": {"path":"/media/nurmuhammad/Projects/personal-finance/src/shared/components/category-form/income-category-form.tsx","statementMap":{"0":{"start":{"line":1,"column":0},"end":{"line":1,"column":108}},"1":{"start":{"line":2,"column":0},"end":{"line":2,"column":79}},"2":{"start":{"line":3,"column":0},"end":{"line":3,"column":34}},"3":{"start":{"line":7,"column":52},"end":{"line":31,"column":1}},"4":{"start":{"line":8,"column":83},"end":{"line":8,"column":108}},"5":{"start":{"line":9,"column":83},"end":{"line":9,"column":108}},"6":{"start":{"line":10,"column":35},"end":{"line":10,"column":62}},"7":{"start":{"line":12,"column":23},"end":{"line":18,"column":3}},"8":{"start":{"line":13,"column":4},"end":{"line":17,"column":5}},"9":{"start":{"line":14,"column":6},"end":{"line":14,"column":null}},"10":{"start":{"line":16,"column":6},"end":{"line":16,"column":null}},"11":{"start":{"line":20,"column":2},"end":{"line":30,"column":null}},"12":{"start":{"line":33,"column":0},"end":{"line":33,"column":null}}},"fnMap":{"0":{"name":"(anonymous_1)","decl":{"start":{"line":7,"column":52},"end":{"line":7,"column":53}},"loc":{"start":{"line":7,"column":76},"end":{"line":31,"column":1}}},"1":{"name":"(anonymous_2)","decl":{"start":{"line":12,"column":23},"end":{"line":12,"column":28}},"loc":{"start":{"line":12,"column":52},"end":{"line":18,"column":3}}}},"branchMap":{"0":{"loc":{"start":{"line":13,"column":4},"end":{"line":17,"column":5}},"type":"if","locations":[{"start":{"line":13,"column":4},"end":{"line":17,"column":5}},{"start":{"line":15,"column":11},"end":{"line":17,"column":5}}]},"1":{"loc":{"start":{"line":26,"column":17},"end":{"line":26,"column":65}},"type":"binary-expr","locations":[{"start":{"line":26,"column":17},"end":{"line":26,"column":39}},{"start":{"line":26,"column":43},"end":{"line":26,"column":65}}]}},"s":{"0":0,"1":0,"2":0,"3":0,"4":0,"5":0,"6":0,"7":0,"8":0,"9":0,"10":0,"11":0,"12":0},"f":{"0":0,"1":0},"b":{"0":[0,0],"1":[0,0]}}
,"/media/nurmuhammad/Projects/personal-finance/src/shared/components/category-form/index.tsx": {"path":"/media/nurmuhammad/Projects/personal-finance/src/shared/components/category-form/index.tsx","statementMap":{"0":{"start":{"line":1,"column":0},"end":{"line":1,"column":53}},"1":{"start":{"line":2,"column":0},"end":{"line":2,"column":44}},"2":{"start":{"line":3,"column":0},"end":{"line":3,"column":54}},"3":{"start":{"line":4,"column":0},"end":{"line":4,"column":41}},"4":{"start":{"line":5,"column":0},"end":{"line":5,"column":88}},"5":{"start":{"line":6,"column":0},"end":{"line":6,"column":37}},"6":{"start":{"line":7,"column":0},"end":{"line":7,"column":28}},"7":{"start":{"line":8,"column":0},"end":{"line":8,"column":30}},"8":{"start":{"line":9,"column":0},"end":{"line":9,"column":49}},"9":{"start":{"line":10,"column":0},"end":{"line":10,"column":33}},"10":{"start":{"line":22,"column":50},"end":{"line":75,"column":1}},"11":{"start":{"line":31,"column":15},"end":{"line":34,"column":4}},"12":{"start":{"line":36,"column":2},"end":{"line":40,"column":null}},"13":{"start":{"line":37,"column":4},"end":{"line":39,"column":5}},"14":{"start":{"line":38,"column":6},"end":{"line":38,"column":null}},"15":{"start":{"line":42,"column":23},"end":{"line":46,"column":3}},"16":{"start":{"line":43,"column":4},"end":{"line":43,"column":null}},"17":{"start":{"line":44,"column":4},"end":{"line":44,"column":null}},"18":{"start":{"line":45,"column":4},"end":{"line":45,"column":null}},"19":{"start":{"line":48,"column":2},"end":{"line":74,"column":null}},"20":{"start":{"line":58,"column":16},"end":{"line":63,"column":null}},"21":{"start":{"line":77,"column":0},"end":{"line":77,"column":null}}},"fnMap":{"0":{"name":"(anonymous_1)","decl":{"start":{"line":22,"column":50},"end":{"line":22,"column":51}},"loc":{"start":{"line":30,"column":5},"end":{"line":75,"column":1}}},"1":{"name":"(anonymous_2)","decl":{"start":{"line":36,"column":12},"end":{"line":36,"column":15}},"loc":{"start":{"line":36,"column":17},"end":{"line":40,"column":3}}},"2":{"name":"(anonymous_3)","decl":{"start":{"line":42,"column":23},"end":{"line":42,"column":24}},"loc":{"start":{"line":42,"column":46},"end":{"line":46,"column":3}}},"3":{"name":"(anonymous_4)","decl":{"start":{"line":57,"column":22},"end":{"line":57,"column":23}},"loc":{"start":{"line":58,"column":16},"end":{"line":63,"column":null}}}},"branchMap":{"0":{"loc":{"start":{"line":37,"column":4},"end":{"line":39,"column":5}},"type":"if","locations":[{"start":{"line":37,"column":4},"end":{"line":39,"column":5}}]},"1":{"loc":{"start":{"line":37,"column":8},"end":{"line":37,"column":45}},"type":"binary-expr","locations":[{"start":{"line":37,"column":8},"end":{"line":37,"column":23}},{"start":{"line":37,"column":27},"end":{"line":37,"column":29}},{"start":{"line":37,"column":33},"end":{"line":37,"column":45}}]},"2":{"loc":{"start":{"line":50,"column":20},"end":{"line":50,"column":57}},"type":"cond-expr","locations":[{"start":{"line":50,"column":40},"end":{"line":50,"column":48}},{"start":{"line":50,"column":51},"end":{"line":50,"column":57}}]},"3":{"loc":{"start":{"line":59,"column":48},"end":{"line":59,"column":92}},"type":"cond-expr","locations":[{"start":{"line":59,"column":72},"end":{"line":59,"column":80}},{"start":{"line":59,"column":83},"end":{"line":59,"column":92}}]},"4":{"loc":{"start":{"line":61,"column":43},"end":{"line":61,"column":87}},"type":"cond-expr","locations":[{"start":{"line":61,"column":67},"end":{"line":61,"column":75}},{"start":{"line":61,"column":78},"end":{"line":61,"column":87}}]}},"s":{"0":0,"1":0,"2":0,"3":0,"4":0,"5":0,"6":0,"7":0,"8":0,"9":0,"10":0,"11":0,"12":0,"13":0,"14":0,"15":0,"16":0,"17":0,"18":0,"19":0,"20":0,"21":0},"f":{"0":0,"1":0,"2":0,"3":0},"b":{"0":[0],"1":[0,0,0],"2":[0,0],"3":[0,0],"4":[0,0]}}
,"/media/nurmuhammad/Projects/personal-finance/src/shared/components/category-form/outcome-category-form.tsx": {"path":"/media/nurmuhammad/Projects/personal-finance/src/shared/components/category-form/outcome-category-form.tsx","statementMap":{"0":{"start":{"line":1,"column":0},"end":{"line":1,"column":34}},"1":{"start":{"line":4,"column":0},"end":{"line":4,"column":111}},"2":{"start":{"line":5,"column":0},"end":{"line":5,"column":81}},"3":{"start":{"line":7,"column":53},"end":{"line":31,"column":1}},"4":{"start":{"line":8,"column":85},"end":{"line":8,"column":111}},"5":{"start":{"line":9,"column":85},"end":{"line":9,"column":111}},"6":{"start":{"line":10,"column":36},"end":{"line":10,"column":64}},"7":{"start":{"line":12,"column":23},"end":{"line":18,"column":3}},"8":{"start":{"line":13,"column":4},"end":{"line":17,"column":5}},"9":{"start":{"line":14,"column":6},"end":{"line":14,"column":null}},"10":{"start":{"line":16,"column":6},"end":{"line":16,"column":null}},"11":{"start":{"line":20,"column":2},"end":{"line":30,"column":null}},"12":{"start":{"line":33,"column":0},"end":{"line":33,"column":null}}},"fnMap":{"0":{"name":"(anonymous_1)","decl":{"start":{"line":7,"column":53},"end":{"line":7,"column":54}},"loc":{"start":{"line":7,"column":77},"end":{"line":31,"column":1}}},"1":{"name":"(anonymous_2)","decl":{"start":{"line":12,"column":23},"end":{"line":12,"column":28}},"loc":{"start":{"line":12,"column":52},"end":{"line":18,"column":3}}}},"branchMap":{"0":{"loc":{"start":{"line":13,"column":4},"end":{"line":17,"column":5}},"type":"if","locations":[{"start":{"line":13,"column":4},"end":{"line":17,"column":5}},{"start":{"line":15,"column":11},"end":{"line":17,"column":5}}]},"1":{"loc":{"start":{"line":26,"column":17},"end":{"line":26,"column":67}},"type":"binary-expr","locations":[{"start":{"line":26,"column":17},"end":{"line":26,"column":40}},{"start":{"line":26,"column":44},"end":{"line":26,"column":67}}]}},"s":{"0":0,"1":0,"2":0,"3":0,"4":0,"5":0,"6":0,"7":0,"8":0,"9":0,"10":0,"11":0,"12":0},"f":{"0":0,"1":0},"b":{"0":[0,0],"1":[0,0]}}
,"/media/nurmuhammad/Projects/personal-finance/src/shared/components/category-form/styles.ts": {"path":"/media/nurmuhammad/Projects/personal-finance/src/shared/components/category-form/styles.ts","statementMap":{"0":{"start":{"line":1,"column":0},"end":{"line":1,"column":38}},"1":{"start":{"line":3,"column":13},"end":{"line":7,"column":null}}},"fnMap":{},"branchMap":{},"s":{"0":0,"1":0},"f":{},"b":{}}
,"/media/nurmuhammad/Projects/personal-finance/src/shared/components/data-table/index.tsx": {"path":"/media/nurmuhammad/Projects/personal-finance/src/shared/components/data-table/index.tsx","statementMap":{"0":{"start":{"line":2,"column":0},"end":{"line":2,"column":null}},"1":{"start":{"line":13,"column":0},"end":{"line":13,"column":32}},"2":{"start":{"line":16,"column":0},"end":{"line":16,"column":45}},"3":{"start":{"line":19,"column":0},"end":{"line":19,"column":98}},"4":{"start":{"line":29,"column":32},"end":{"line":29,"column":58}},"5":{"start":{"line":30,"column":44},"end":{"line":30,"column":76}},"6":{"start":{"line":32,"column":16},"end":{"line":43,"column":4}},"7":{"start":{"line":45,"column":2},"end":{"line":105,"column":null}},"8":{"start":{"line":49,"column":10},"end":{"line":49,"column":null}},"9":{"start":{"line":51,"column":14},"end":{"line":55,"column":null}},"10":{"start":{"line":63,"column":12},"end":{"line":63,"column":null}},"11":{"start":{"line":65,"column":16},"end":{"line":65,"column":null}},"12":{"start":{"line":83,"column":12},"end":{"line":83,"column":47}},"13":{"start":{"line":85,"column":16},"end":{"line":85,"column":42}},"14":{"start":{"line":28,"column":0},"end":{"line":28,"column":16}}},"fnMap":{"0":{"name":"DataTable","decl":{"start":{"line":28,"column":16},"end":{"line":28,"column":25}},"loc":{"start":{"line":28,"column":107},"end":{"line":106,"column":1}}},"1":{"name":"(anonymous_2)","decl":{"start":{"line":48,"column":37},"end":{"line":48,"column":48}},"loc":{"start":{"line":49,"column":10},"end":{"line":49,"column":null}}},"2":{"name":"(anonymous_3)","decl":{"start":{"line":50,"column":37},"end":{"line":50,"column":43}},"loc":{"start":{"line":50,"column":46},"end":{"line":56,"column":13}}},"3":{"name":"(anonymous_4)","decl":{"start":{"line":62,"column":43},"end":{"line":62,"column":44}},"loc":{"start":{"line":63,"column":12},"end":{"line":63,"column":null}}},"4":{"name":"(anonymous_5)","decl":{"start":{"line":64,"column":27},"end":{"line":64,"column":28}},"loc":{"start":{"line":65,"column":16},"end":{"line":65,"column":null}}},"5":{"name":"(anonymous_6)","decl":{"start":{"line":82,"column":39},"end":{"line":82,"column":42}},"loc":{"start":{"line":83,"column":12},"end":{"line":83,"column":47}}},"6":{"name":"(anonymous_7)","decl":{"start":{"line":84,"column":41},"end":{"line":84,"column":45}},"loc":{"start":{"line":85,"column":16},"end":{"line":85,"column":42}}}},"branchMap":{"0":{"loc":{"start":{"line":33,"column":10},"end":{"line":33,"column":20}},"type":"binary-expr","locations":[{"start":{"line":33,"column":10},"end":{"line":33,"column":14}},{"start":{"line":33,"column":18},"end":{"line":33,"column":20}}]},"1":{"loc":{"start":{"line":53,"column":19},"end":{"line":53,"column":112}},"type":"cond-expr","locations":[{"start":{"line":53,"column":42},"end":{"line":53,"column":46}},{"start":{"line":53,"column":49},"end":{"line":53,"column":112}}]},"2":{"loc":{"start":{"line":61,"column":9},"end":{"line":101,"column":null}},"type":"cond-expr","locations":[{"start":{"line":62,"column":10},"end":{"line":76,"column":12}},{"start":{"line":77,"column":12},"end":{"line":101,"column":null}}]},"3":{"loc":{"start":{"line":77,"column":12},"end":{"line":101,"column":null}},"type":"cond-expr","locations":[{"start":{"line":78,"column":10},"end":{"line":79,"column":null}},{"start":{"line":81,"column":12},"end":{"line":101,"column":null}}]},"4":{"loc":{"start":{"line":81,"column":12},"end":{"line":101,"column":null}},"type":"cond-expr","locations":[{"start":{"line":82,"column":10},"end":{"line":88,"column":12}},{"start":{"line":90,"column":10},"end":{"line":100,"column":null}}]},"5":{"loc":{"start":{"line":83,"column":47},"end":{"line":83,"column":80}},"type":"binary-expr","locations":[{"start":{"line":83,"column":47},"end":{"line":83,"column":66}},{"start":{"line":83,"column":70},"end":{"line":83,"column":80}}]}},"s":{"0":0,"1":0,"2":0,"3":0,"4":0,"5":0,"6":0,"7":0,"8":0,"9":0,"10":0,"11":0,"12":0,"13":0,"14":0},"f":{"0":0,"1":0,"2":0,"3":0,"4":0,"5":0,"6":0},"b":{"0":[0,0],"1":[0,0],"2":[0,0],"3":[0,0],"4":[0,0],"5":[0,0]}}
,"/media/nurmuhammad/Projects/personal-finance/src/shared/components/data-table/styles.ts": {"path":"/media/nurmuhammad/Projects/personal-finance/src/shared/components/data-table/styles.ts","statementMap":{"0":{"start":{"line":1,"column":0},"end":{"line":1,"column":44}},"1":{"start":{"line":2,"column":0},"end":{"line":2,"column":38}},"2":{"start":{"line":4,"column":13},"end":{"line":12,"column":null}},"3":{"start":{"line":14,"column":13},"end":{"line":17,"column":null}},"4":{"start":{"line":15,"column":44},"end":{"line":15,"column":56}},"5":{"start":{"line":16,"column":37},"end":{"line":16,"column":48}},"6":{"start":{"line":19,"column":13},"end":{"line":23,"column":null}},"7":{"start":{"line":25,"column":13},"end":{"line":31,"column":null}},"8":{"start":{"line":33,"column":13},"end":{"line":42,"column":null}},"9":{"start":{"line":34,"column":44},"end":{"line":34,"column":56}},"10":{"start":{"line":40,"column":39},"end":{"line":40,"column":51}},"11":{"start":{"line":44,"column":13},"end":{"line":59,"column":null}},"12":{"start":{"line":50,"column":26},"end":{"line":50,"column":47}},"13":{"start":{"line":52,"column":44},"end":{"line":52,"column":56}},"14":{"start":{"line":61,"column":13},"end":{"line":65,"column":null}},"15":{"start":{"line":64,"column":47},"end":{"line":64,"column":59}},"16":{"start":{"line":67,"column":13},"end":{"line":71,"column":null}},"17":{"start":{"line":70,"column":26},"end":{"line":70,"column":47}}},"fnMap":{"0":{"name":"(anonymous_1)","decl":{"start":{"line":15,"column":29},"end":{"line":15,"column":30}},"loc":{"start":{"line":15,"column":44},"end":{"line":15,"column":56}}},"1":{"name":"(anonymous_2)","decl":{"start":{"line":16,"column":22},"end":{"line":16,"column":23}},"loc":{"start":{"line":16,"column":37},"end":{"line":16,"column":48}}},"2":{"name":"(anonymous_3)","decl":{"start":{"line":34,"column":29},"end":{"line":34,"column":30}},"loc":{"start":{"line":34,"column":44},"end":{"line":34,"column":56}}},"3":{"name":"(anonymous_4)","decl":{"start":{"line":40,"column":24},"end":{"line":40,"column":25}},"loc":{"start":{"line":40,"column":39},"end":{"line":40,"column":51}}},"4":{"name":"(anonymous_5)","decl":{"start":{"line":50,"column":11},"end":{"line":50,"column":12}},"loc":{"start":{"line":50,"column":26},"end":{"line":50,"column":47}}},"5":{"name":"(anonymous_6)","decl":{"start":{"line":52,"column":29},"end":{"line":52,"column":30}},"loc":{"start":{"line":52,"column":44},"end":{"line":52,"column":56}}},"6":{"name":"(anonymous_7)","decl":{"start":{"line":64,"column":32},"end":{"line":64,"column":33}},"loc":{"start":{"line":64,"column":47},"end":{"line":64,"column":59}}},"7":{"name":"(anonymous_8)","decl":{"start":{"line":70,"column":11},"end":{"line":70,"column":12}},"loc":{"start":{"line":70,"column":26},"end":{"line":70,"column":47}}}},"branchMap":{},"s":{"0":0,"1":0,"2":0,"3":0,"4":0,"5":0,"6":0,"7":0,"8":0,"9":0,"10":0,"11":0,"12":0,"13":0,"14":0,"15":0,"16":0,"17":0},"f":{"0":0,"1":0,"2":0,"3":0,"4":0,"5":0,"6":0,"7":0},"b":{}}
,"/media/nurmuhammad/Projects/personal-finance/src/shared/components/data-table/table-components.tsx": {"path":"/media/nurmuhammad/Projects/personal-finance/src/shared/components/data-table/table-components.tsx","statementMap":{"0":{"start":{"line":1,"column":0},"end":{"line":1,"column":34}},"1":{"start":{"line":2,"column":0},"end":{"line":2,"column":null}},"2":{"start":{"line":16,"column":14},"end":{"line":20,"column":2}},"3":{"start":{"line":17,"column":2},"end":{"line":18,"column":null}},"4":{"start":{"line":64,"column":9},"end":{"line":64,"column":14}},"5":{"start":{"line":22,"column":0},"end":{"line":22,"column":null}},"6":{"start":{"line":24,"column":20},"end":{"line":25,"column":null}},"7":{"start":{"line":25,"column":25},"end":{"line":25,"column":67}},"8":{"start":{"line":64,"column":16},"end":{"line":64,"column":27}},"9":{"start":{"line":28,"column":0},"end":{"line":28,"column":null}},"10":{"start":{"line":30,"column":18},"end":{"line":31,"column":null}},"11":{"start":{"line":31,"column":25},"end":{"line":31,"column":65}},"12":{"start":{"line":64,"column":29},"end":{"line":64,"column":38}},"13":{"start":{"line":33,"column":0},"end":{"line":33,"column":null}},"14":{"start":{"line":35,"column":20},"end":{"line":36,"column":null}},"15":{"start":{"line":36,"column":25},"end":{"line":36,"column":67}},"16":{"start":{"line":64,"column":40},"end":{"line":64,"column":51}},"17":{"start":{"line":38,"column":0},"end":{"line":38,"column":null}},"18":{"start":{"line":40,"column":17},"end":{"line":42,"column":2}},"19":{"start":{"line":41,"column":2},"end":{"line":41,"column":41}},"20":{"start":{"line":64,"column":64},"end":{"line":64,"column":72}},"21":{"start":{"line":44,"column":0},"end":{"line":44,"column":null}},"22":{"start":{"line":46,"column":18},"end":{"line":47,"column":null}},"23":{"start":{"line":47,"column":25},"end":{"line":47,"column":65}},"24":{"start":{"line":64,"column":53},"end":{"line":64,"column":62}},"25":{"start":{"line":50,"column":0},"end":{"line":50,"column":null}},"26":{"start":{"line":52,"column":18},"end":{"line":53,"column":null}},"27":{"start":{"line":53,"column":25},"end":{"line":53,"column":65}},"28":{"start":{"line":64,"column":74},"end":{"line":64,"column":83}},"29":{"start":{"line":56,"column":0},"end":{"line":56,"column":null}},"30":{"start":{"line":58,"column":21},"end":{"line":59,"column":null}},"31":{"start":{"line":59,"column":25},"end":{"line":59,"column":68}},"32":{"start":{"line":64,"column":85},"end":{"line":64,"column":97}},"33":{"start":{"line":62,"column":0},"end":{"line":62,"column":null}}},"fnMap":{"0":{"name":"(anonymous_0)","decl":{"start":{"line":16,"column":83},"end":{"line":16,"column":84}},"loc":{"start":{"line":17,"column":2},"end":{"line":18,"column":null}}},"1":{"name":"(anonymous_1)","decl":{"start":{"line":25,"column":2},"end":{"line":25,"column":3}},"loc":{"start":{"line":25,"column":25},"end":{"line":25,"column":67}}},"2":{"name":"(anonymous_2)","decl":{"start":{"line":31,"column":2},"end":{"line":31,"column":3}},"loc":{"start":{"line":31,"column":25},"end":{"line":31,"column":65}}},"3":{"name":"(anonymous_3)","decl":{"start":{"line":36,"column":2},"end":{"line":36,"column":3}},"loc":{"start":{"line":36,"column":25},"end":{"line":36,"column":67}}},"4":{"name":"(anonymous_4)","decl":{"start":{"line":40,"column":92},"end":{"line":40,"column":93}},"loc":{"start":{"line":41,"column":2},"end":{"line":41,"column":41}}},"5":{"name":"(anonymous_5)","decl":{"start":{"line":47,"column":2},"end":{"line":47,"column":3}},"loc":{"start":{"line":47,"column":25},"end":{"line":47,"column":65}}},"6":{"name":"(anonymous_6)","decl":{"start":{"line":53,"column":2},"end":{"line":53,"column":3}},"loc":{"start":{"line":53,"column":25},"end":{"line":53,"column":65}}},"7":{"name":"(anonymous_7)","decl":{"start":{"line":59,"column":2},"end":{"line":59,"column":3}},"loc":{"start":{"line":59,"column":25},"end":{"line":59,"column":68}}}},"branchMap":{},"s":{"0":0,"1":0,"2":0,"3":0,"4":0,"5":0,"6":0,"7":0,"8":0,"9":0,"10":0,"11":0,"12":0,"13":0,"14":0,"15":0,"16":0,"17":0,"18":0,"19":0,"20":0,"21":0,"22":0,"23":0,"24":0,"25":0,"26":0,"27":0,"28":0,"29":0,"30":0,"31":0,"32":0,"33":0},"f":{"0":0,"1":0,"2":0,"3":0,"4":0,"5":0,"6":0,"7":0},"b":{}}
,"/media/nurmuhammad/Projects/personal-finance/src/shared/components/dropdown/index.tsx": {"path":"/media/nurmuhammad/Projects/personal-finance/src/shared/components/dropdown/index.tsx","statementMap":{"0":{"start":{"line":2,"column":0},"end":{"line":2,"column":52}},"1":{"start":{"line":3,"column":0},"end":{"line":3,"column":47}},"2":{"start":{"line":6,"column":0},"end":{"line":6,"column":102}},"3":{"start":{"line":9,"column":0},"end":{"line":9,"column":94}},"4":{"start":{"line":17,"column":52},"end":{"line":21,"column":null}},"5":{"start":{"line":23,"column":24},"end":{"line":23,"column":82}},"6":{"start":{"line":29,"column":20},"end":{"line":37,"column":1}},"7":{"start":{"line":30,"column":18},"end":{"line":30,"column":45}},"8":{"start":{"line":32,"column":2},"end":{"line":34,"column":3}},"9":{"start":{"line":33,"column":4},"end":{"line":33,"column":null}},"10":{"start":{"line":36,"column":2},"end":{"line":36,"column":null}},"11":{"start":{"line":39,"column":17},"end":{"line":63,"column":1}},"12":{"start":{"line":40,"column":38},"end":{"line":40,"column":49}},"13":{"start":{"line":42,"column":23},"end":{"line":46,"column":null}},"14":{"start":{"line":48,"column":22},"end":{"line":48,"column":53}},"15":{"start":{"line":50,"column":29},"end":{"line":54,"column":3}},"16":{"start":{"line":51,"column":4},"end":{"line":53,"column":5}},"17":{"start":{"line":52,"column":6},"end":{"line":52,"column":null}},"18":{"start":{"line":56,"column":2},"end":{"line":56,"column":null}},"19":{"start":{"line":58,"column":2},"end":{"line":62,"column":null}},"20":{"start":{"line":93,"column":9},"end":{"line":93,"column":17}},"21":{"start":{"line":65,"column":24},"end":{"line":69,"column":1}},"22":{"start":{"line":66,"column":21},"end":{"line":66,"column":34}},"23":{"start":{"line":68,"column":2},"end":{"line":68,"column":null}},"24":{"start":{"line":93,"column":19},"end":{"line":93,"column":34}},"25":{"start":{"line":71,"column":24},"end":{"line":75,"column":1}},"26":{"start":{"line":72,"column":21},"end":{"line":72,"column":48}},"27":{"start":{"line":74,"column":2},"end":{"line":74,"column":null}},"28":{"start":{"line":93,"column":36},"end":{"line":93,"column":51}},"29":{"start":{"line":77,"column":25},"end":{"line":88,"column":null}},"30":{"start":{"line":79,"column":26},"end":{"line":79,"column":53}},"31":{"start":{"line":81,"column":4},"end":{"line":87,"column":null}},"32":{"start":{"line":82,"column":26},"end":{"line":82,"column":42}},"33":{"start":{"line":93,"column":53},"end":{"line":93,"column":69}},"34":{"start":{"line":91,"column":0},"end":{"line":91,"column":null}}},"fnMap":{"0":{"name":"(anonymous_6)","decl":{"start":{"line":19,"column":10},"end":{"line":19,"column":13}},"loc":{"start":{"line":19,"column":15},"end":{"line":19,"column":18}}},"1":{"name":"(anonymous_7)","decl":{"start":{"line":20,"column":13},"end":{"line":20,"column":16}},"loc":{"start":{"line":20,"column":18},"end":{"line":20,"column":21}}},"2":{"name":"(anonymous_8)","decl":{"start":{"line":29,"column":20},"end":{"line":29,"column":23}},"loc":{"start":{"line":29,"column":25},"end":{"line":37,"column":1}}},"3":{"name":"(anonymous_9)","decl":{"start":{"line":39,"column":17},"end":{"line":39,"column":18}},"loc":{"start":{"line":39,"column":41},"end":{"line":63,"column":1}}},"4":{"name":"(anonymous_10)","decl":{"start":{"line":50,"column":29},"end":{"line":50,"column":32}},"loc":{"start":{"line":50,"column":34},"end":{"line":54,"column":3}}},"5":{"name":"(anonymous_11)","decl":{"start":{"line":65,"column":24},"end":{"line":65,"column":25}},"loc":{"start":{"line":65,"column":48},"end":{"line":69,"column":1}}},"6":{"name":"(anonymous_12)","decl":{"start":{"line":71,"column":24},"end":{"line":71,"column":25}},"loc":{"start":{"line":71,"column":48},"end":{"line":75,"column":1}}},"7":{"name":"(anonymous_13)","decl":{"start":{"line":78,"column":2},"end":{"line":78,"column":3}},"loc":{"start":{"line":78,"column":34},"end":{"line":88,"column":3}}},"8":{"name":"(anonymous_14)","decl":{"start":{"line":82,"column":20},"end":{"line":82,"column":23}},"loc":{"start":{"line":82,"column":26},"end":{"line":82,"column":42}}}},"branchMap":{"0":{"loc":{"start":{"line":32,"column":2},"end":{"line":34,"column":3}},"type":"if","locations":[{"start":{"line":32,"column":2},"end":{"line":34,"column":3}}]},"1":{"loc":{"start":{"line":51,"column":4},"end":{"line":53,"column":5}},"type":"if","locations":[{"start":{"line":51,"column":4},"end":{"line":53,"column":5}}]}},"s":{"0":0,"1":0,"2":0,"3":0,"4":0,"5":0,"6":0,"7":0,"8":0,"9":0,"10":0,"11":0,"12":0,"13":0,"14":0,"15":0,"16":0,"17":0,"18":0,"19":0,"20":0,"21":0,"22":0,"23":0,"24":0,"25":0,"26":0,"27":0,"28":0,"29":0,"30":0,"31":0,"32":0,"33":0,"34":0},"f":{"0":0,"1":0,"2":0,"3":0,"4":0,"5":0,"6":0,"7":0,"8":0},"b":{"0":[0],"1":[0]}}
,"/media/nurmuhammad/Projects/personal-finance/src/shared/components/dropdown/styles.ts": {"path":"/media/nurmuhammad/Projects/personal-finance/src/shared/components/dropdown/styles.ts","statementMap":{"0":{"start":{"line":1,"column":0},"end":{"line":1,"column":53}},"1":{"start":{"line":3,"column":15},"end":{"line":14,"column":null}},"2":{"start":{"line":16,"column":16},"end":{"line":27,"column":null}},"3":{"start":{"line":29,"column":32},"end":{"line":32,"column":null}},"4":{"start":{"line":74,"column":9},"end":{"line":74,"column":32}},"5":{"start":{"line":34,"column":27},"end":{"line":46,"column":null}},"6":{"start":{"line":38,"column":37},"end":{"line":38,"column":49}},"7":{"start":{"line":41,"column":37},"end":{"line":41,"column":57}},"8":{"start":{"line":44,"column":33},"end":{"line":44,"column":59}},"9":{"start":{"line":45,"column":31},"end":{"line":45,"column":57}},"10":{"start":{"line":74,"column":34},"end":{"line":74,"column":52}},"11":{"start":{"line":48,"column":31},"end":{"line":72,"column":null}},"12":{"start":{"line":57,"column":39},"end":{"line":57,"column":51}},"13":{"start":{"line":60,"column":26},"end":{"line":60,"column":42}},"14":{"start":{"line":74,"column":54},"end":{"line":74,"column":76}}},"fnMap":{"0":{"name":"(anonymous_6)","decl":{"start":{"line":38,"column":22},"end":{"line":38,"column":23}},"loc":{"start":{"line":38,"column":37},"end":{"line":38,"column":49}}},"1":{"name":"(anonymous_7)","decl":{"start":{"line":41,"column":22},"end":{"line":41,"column":23}},"loc":{"start":{"line":41,"column":37},"end":{"line":41,"column":57}}},"2":{"name":"(anonymous_8)","decl":{"start":{"line":44,"column":15},"end":{"line":44,"column":16}},"loc":{"start":{"line":44,"column":33},"end":{"line":44,"column":59}}},"3":{"name":"(anonymous_9)","decl":{"start":{"line":45,"column":13},"end":{"line":45,"column":14}},"loc":{"start":{"line":45,"column":31},"end":{"line":45,"column":57}}},"4":{"name":"(anonymous_10)","decl":{"start":{"line":57,"column":24},"end":{"line":57,"column":25}},"loc":{"start":{"line":57,"column":39},"end":{"line":57,"column":51}}},"5":{"name":"(anonymous_11)","decl":{"start":{"line":60,"column":11},"end":{"line":60,"column":12}},"loc":{"start":{"line":60,"column":26},"end":{"line":60,"column":42}}}},"branchMap":{"0":{"loc":{"start":{"line":44,"column":33},"end":{"line":44,"column":59}},"type":"cond-expr","locations":[{"start":{"line":44,"column":43},"end":{"line":44,"column":49}},{"start":{"line":44,"column":52},"end":{"line":44,"column":59}}]},"1":{"loc":{"start":{"line":45,"column":31},"end":{"line":45,"column":57}},"type":"cond-expr","locations":[{"start":{"line":45,"column":41},"end":{"line":45,"column":48}},{"start":{"line":45,"column":51},"end":{"line":45,"column":57}}]}},"s":{"0":0,"1":0,"2":0,"3":0,"4":0,"5":0,"6":0,"7":0,"8":0,"9":0,"10":0,"11":0,"12":0,"13":0,"14":0},"f":{"0":0,"1":0,"2":0,"3":0,"4":0,"5":0},"b":{"0":[0,0],"1":[0,0]}}
,"/media/nurmuhammad/Projects/personal-finance/src/shared/components/form/form-demo.tsx": {"path":"/media/nurmuhammad/Projects/personal-finance/src/shared/components/form/form-demo.tsx","statementMap":{"0":{"start":{"line":1,"column":0},"end":{"line":1,"column":53}},"1":{"start":{"line":2,"column":0},"end":{"line":2,"column":41}},"2":{"start":{"line":3,"column":0},"end":{"line":3,"column":24}},"3":{"start":{"line":4,"column":0},"end":{"line":4,"column":82}},"4":{"start":{"line":5,"column":0},"end":{"line":5,"column":28}},"5":{"start":{"line":7,"column":13},"end":{"line":9,"column":null}},"6":{"start":{"line":13,"column":17},"end":{"line":47,"column":1}},"7":{"start":{"line":14,"column":15},"end":{"line":19,"column":4}},"8":{"start":{"line":22,"column":4},"end":{"line":22,"column":null}},"9":{"start":{"line":25,"column":2},"end":{"line":46,"column":null}},"10":{"start":{"line":33,"column":14},"end":{"line":38,"column":null}},"11":{"start":{"line":48,"column":0},"end":{"line":48,"column":null}}},"fnMap":{"0":{"name":"(anonymous_7)","decl":{"start":{"line":13,"column":17},"end":{"line":13,"column":20}},"loc":{"start":{"line":13,"column":22},"end":{"line":47,"column":1}}},"1":{"name":"onSubmit","decl":{"start":{"line":21,"column":11},"end":{"line":21,"column":19}},"loc":{"start":{"line":21,"column":33},"end":{"line":23,"column":3}}},"2":{"name":"(anonymous_9)","decl":{"start":{"line":32,"column":20},"end":{"line":32,"column":21}},"loc":{"start":{"line":33,"column":14},"end":{"line":38,"column":null}}}},"branchMap":{},"s":{"0":0,"1":0,"2":0,"3":0,"4":0,"5":0,"6":0,"7":0,"8":0,"9":0,"10":0,"11":0},"f":{"0":0,"1":0,"2":0},"b":{}}
,"/media/nurmuhammad/Projects/personal-finance/src/shared/components/form/index.tsx": {"path":"/media/nurmuhammad/Projects/personal-finance/src/shared/components/form/index.tsx","statementMap":{"0":{"start":{"line":1,"column":0},"end":{"line":1,"column":30}},"1":{"start":{"line":2,"column":0},"end":{"line":2,"column":43}},"2":{"start":{"line":3,"column":0},"end":{"line":3,"column":115}},"3":{"start":{"line":4,"column":0},"end":{"line":4,"column":28}},"4":{"start":{"line":5,"column":0},"end":{"line":5,"column":67}},"5":{"start":{"line":7,"column":13},"end":{"line":7,"column":25}},"6":{"start":{"line":134,"column":23},"end":{"line":134,"column":27}},"7":{"start":{"line":16,"column":25},"end":{"line":16,"column":96}},"8":{"start":{"line":18,"column":18},"end":{"line":29,"column":1}},"9":{"start":{"line":24,"column":2},"end":{"line":28,"column":null}},"10":{"start":{"line":134,"column":93},"end":{"line":134,"column":102}},"11":{"start":{"line":31,"column":21},"end":{"line":52,"column":1}},"12":{"start":{"line":32,"column":23},"end":{"line":32,"column":57}},"13":{"start":{"line":33,"column":22},"end":{"line":33,"column":55}},"14":{"start":{"line":34,"column":39},"end":{"line":34,"column":55}},"15":{"start":{"line":36,"column":21},"end":{"line":36,"column":64}},"16":{"start":{"line":38,"column":2},"end":{"line":40,"column":3}},"17":{"start":{"line":39,"column":4},"end":{"line":39,"column":null}},"18":{"start":{"line":42,"column":17},"end":{"line":42,"column":28}},"19":{"start":{"line":44,"column":2},"end":{"line":51,"column":null}},"20":{"start":{"line":134,"column":9},"end":{"line":134,"column":21}},"21":{"start":{"line":58,"column":24},"end":{"line":58,"column":93}},"22":{"start":{"line":60,"column":17},"end":{"line":74,"column":2}},"23":{"start":{"line":61,"column":13},"end":{"line":61,"column":26}},"24":{"start":{"line":63,"column":2},"end":{"line":73,"column":null}},"25":{"start":{"line":134,"column":29},"end":{"line":134,"column":37}},"26":{"start":{"line":76,"column":0},"end":{"line":76,"column":null}},"27":{"start":{"line":78,"column":18},"end":{"line":85,"column":2}},"28":{"start":{"line":82,"column":32},"end":{"line":82,"column":46}},"29":{"start":{"line":84,"column":2},"end":{"line":84,"column":null}},"30":{"start":{"line":134,"column":39},"end":{"line":134,"column":48}},"31":{"start":{"line":86,"column":0},"end":{"line":86,"column":null}},"32":{"start":{"line":88,"column":20},"end":{"line":101,"column":null}},"33":{"start":{"line":90,"column":68},"end":{"line":90,"column":82}},"34":{"start":{"line":92,"column":4},"end":{"line":100,"column":null}},"35":{"start":{"line":134,"column":50},"end":{"line":134,"column":61}},"36":{"start":{"line":103,"column":0},"end":{"line":103,"column":null}},"37":{"start":{"line":105,"column":24},"end":{"line":110,"column":null}},"38":{"start":{"line":107,"column":34},"end":{"line":107,"column":48}},"39":{"start":{"line":109,"column":4},"end":{"line":109,"column":null}},"40":{"start":{"line":134,"column":63},"end":{"line":134,"column":78}},"41":{"start":{"line":113,"column":0},"end":{"line":113,"column":null}},"42":{"start":{"line":115,"column":20},"end":{"line":129,"column":null}},"43":{"start":{"line":117,"column":37},"end":{"line":117,"column":51}},"44":{"start":{"line":118,"column":17},"end":{"line":118,"column":58}},"45":{"start":{"line":120,"column":4},"end":{"line":122,"column":5}},"46":{"start":{"line":121,"column":6},"end":{"line":121,"column":null}},"47":{"start":{"line":124,"column":4},"end":{"line":128,"column":null}},"48":{"start":{"line":134,"column":80},"end":{"line":134,"column":91}},"49":{"start":{"line":132,"column":0},"end":{"line":132,"column":null}}},"fnMap":{"0":{"name":"(anonymous_7)","decl":{"start":{"line":18,"column":18},"end":{"line":18,"column":null}},"loc":{"start":{"line":23,"column":43},"end":{"line":29,"column":1}}},"1":{"name":"(anonymous_8)","decl":{"start":{"line":31,"column":21},"end":{"line":31,"column":24}},"loc":{"start":{"line":31,"column":26},"end":{"line":52,"column":1}}},"2":{"name":"(anonymous_9)","decl":{"start":{"line":60,"column":88},"end":{"line":60,"column":89}},"loc":{"start":{"line":60,"column":110},"end":{"line":74,"column":1}}},"3":{"name":"(anonymous_10)","decl":{"start":{"line":81,"column":2},"end":{"line":81,"column":3}},"loc":{"start":{"line":81,"column":41},"end":{"line":85,"column":1}}},"4":{"name":"(anonymous_11)","decl":{"start":{"line":89,"column":2},"end":{"line":89,"column":3}},"loc":{"start":{"line":89,"column":24},"end":{"line":101,"column":3}}},"5":{"name":"(anonymous_12)","decl":{"start":{"line":106,"column":2},"end":{"line":106,"column":3}},"loc":{"start":{"line":106,"column":24},"end":{"line":110,"column":3}}},"6":{"name":"(anonymous_13)","decl":{"start":{"line":116,"column":2},"end":{"line":116,"column":3}},"loc":{"start":{"line":116,"column":34},"end":{"line":129,"column":3}}}},"branchMap":{"0":{"loc":{"start":{"line":38,"column":2},"end":{"line":40,"column":3}},"type":"if","locations":[{"start":{"line":38,"column":2},"end":{"line":40,"column":3}}]},"1":{"loc":{"start":{"line":81,"column":5},"end":{"line":81,"column":20}},"type":"default-arg","locations":[{"start":{"line":81,"column":16},"end":{"line":81,"column":20}}]},"2":{"loc":{"start":{"line":96,"column":26},"end":{"line":96,"column":99}},"type":"cond-expr","locations":[{"start":{"line":96,"column":35},"end":{"line":96,"column":57}},{"start":{"line":96,"column":60},"end":{"line":96,"column":99}}]},"3":{"loc":{"start":{"line":118,"column":17},"end":{"line":118,"column":58}},"type":"cond-expr","locations":[{"start":{"line":118,"column":25},"end":{"line":118,"column":47}},{"start":{"line":118,"column":50},"end":{"line":118,"column":58}}]},"4":{"loc":{"start":{"line":120,"column":4},"end":{"line":122,"column":5}},"type":"if","locations":[{"start":{"line":120,"column":4},"end":{"line":122,"column":5}}]}},"s":{"0":0,"1":0,"2":0,"3":0,"4":0,"5":0,"6":0,"7":0,"8":0,"9":0,"10":0,"11":0,"12":0,"13":0,"14":0,"15":0,"16":0,"17":0,"18":0,"19":0,"20":0,"21":0,"22":0,"23":0,"24":0,"25":0,"26":0,"27":0,"28":0,"29":0,"30":0,"31":0,"32":0,"33":0,"34":0,"35":0,"36":0,"37":0,"38":0,"39":0,"40":0,"41":0,"42":0,"43":0,"44":0,"45":0,"46":0,"47":0,"48":0,"49":0},"f":{"0":0,"1":0,"2":0,"3":0,"4":0,"5":0,"6":0},"b":{"0":[0],"1":[0],"2":[0,0],"3":[0,0],"4":[0]}}
,"/media/nurmuhammad/Projects/personal-finance/src/shared/components/form/styles.ts": {"path":"/media/nurmuhammad/Projects/personal-finance/src/shared/components/form/styles.ts","statementMap":{"0":{"start":{"line":1,"column":0},"end":{"line":1,"column":44}},"1":{"start":{"line":2,"column":0},"end":{"line":2,"column":38}},"2":{"start":{"line":4,"column":13},"end":{"line":8,"column":null}},"3":{"start":{"line":6,"column":26},"end":{"line":6,"column":43}},"4":{"start":{"line":10,"column":13},"end":{"line":14,"column":null}},"5":{"start":{"line":12,"column":26},"end":{"line":12,"column":47}}},"fnMap":{"0":{"name":"(anonymous_1)","decl":{"start":{"line":6,"column":11},"end":{"line":6,"column":12}},"loc":{"start":{"line":6,"column":26},"end":{"line":6,"column":43}}},"1":{"name":"(anonymous_2)","decl":{"start":{"line":12,"column":11},"end":{"line":12,"column":12}},"loc":{"start":{"line":12,"column":26},"end":{"line":12,"column":47}}}},"branchMap":{},"s":{"0":0,"1":0,"2":0,"3":0,"4":0,"5":0},"f":{"0":0,"1":0},"b":{}}
,"/media/nurmuhammad/Projects/personal-finance/src/shared/components/icon/index.tsx": {"path":"/media/nurmuhammad/Projects/personal-finance/src/shared/components/icon/index.tsx","statementMap":{"0":{"start":{"line":2,"column":0},"end":{"line":2,"column":48}},"1":{"start":{"line":4,"column":16},"end":{"line":6,"column":1}},"2":{"start":{"line":5,"column":2},"end":{"line":5,"column":null}},"3":{"start":{"line":8,"column":0},"end":{"line":8,"column":null}}},"fnMap":{"0":{"name":"(anonymous_0)","decl":{"start":{"line":4,"column":16},"end":{"line":4,"column":17}},"loc":{"start":{"line":4,"column":49},"end":{"line":6,"column":1}}}},"branchMap":{},"s":{"0":1,"1":1,"2":5,"3":1},"f":{"0":5},"b":{}}
,"/media/nurmuhammad/Projects/personal-finance/src/shared/components/input/index.tsx": {"path":"/media/nurmuhammad/Projects/personal-finance/src/shared/components/input/index.tsx","statementMap":{"0":{"start":{"line":2,"column":0},"end":{"line":2,"column":34}},"1":{"start":{"line":5,"column":0},"end":{"line":5,"column":65}},"2":{"start":{"line":8,"column":0},"end":{"line":8,"column":26}},"3":{"start":{"line":14,"column":14},"end":{"line":36,"column":2}},"4":{"start":{"line":15,"column":2},"end":{"line":24,"column":3}},"5":{"start":{"line":16,"column":4},"end":{"line":23,"column":null}},"6":{"start":{"line":26,"column":2},"end":{"line":35,"column":null}},"7":{"start":{"line":38,"column":0},"end":{"line":38,"column":null}},"8":{"start":{"line":40,"column":0},"end":{"line":40,"column":null}}},"fnMap":{"0":{"name":"(anonymous_1)","decl":{"start":{"line":14,"column":55},"end":{"line":14,"column":56}},"loc":{"start":{"line":14,"column":89},"end":{"line":36,"column":1}}}},"branchMap":{"0":{"loc":{"start":{"line":15,"column":2},"end":{"line":24,"column":3}},"type":"if","locations":[{"start":{"line":15,"column":2},"end":{"line":24,"column":3}}]}},"s":{"0":0,"1":0,"2":0,"3":0,"4":0,"5":0,"6":0,"7":0,"8":0},"f":{"0":0},"b":{"0":[0]}}
,"/media/nurmuhammad/Projects/personal-finance/src/shared/components/input/styles.ts": {"path":"/media/nurmuhammad/Projects/personal-finance/src/shared/components/input/styles.ts","statementMap":{"0":{"start":{"line":1,"column":0},"end":{"line":1,"column":47}},"1":{"start":{"line":3,"column":13},"end":{"line":25,"column":null}},"2":{"start":{"line":5,"column":37},"end":{"line":5,"column":48}},"3":{"start":{"line":9,"column":26},"end":{"line":9,"column":42}},"4":{"start":{"line":12,"column":35},"end":{"line":12,"column":48}},"5":{"start":{"line":16,"column":4},"end":{"line":19,"column":null}},"6":{"start":{"line":21,"column":4},"end":{"line":24,"column":null}},"7":{"start":{"line":27,"column":13},"end":{"line":30,"column":null}},"8":{"start":{"line":32,"column":13},"end":{"line":38,"column":null}}},"fnMap":{"0":{"name":"(anonymous_6)","decl":{"start":{"line":5,"column":22},"end":{"line":5,"column":23}},"loc":{"start":{"line":5,"column":37},"end":{"line":5,"column":48}}},"1":{"name":"(anonymous_7)","decl":{"start":{"line":9,"column":11},"end":{"line":9,"column":12}},"loc":{"start":{"line":9,"column":26},"end":{"line":9,"column":42}}},"2":{"name":"(anonymous_8)","decl":{"start":{"line":12,"column":20},"end":{"line":12,"column":21}},"loc":{"start":{"line":12,"column":35},"end":{"line":12,"column":48}}},"3":{"name":"(anonymous_9)","decl":{"start":{"line":15,"column":4},"end":{"line":15,"column":5}},"loc":{"start":{"line":16,"column":4},"end":{"line":19,"column":null}}},"4":{"name":"(anonymous_10)","decl":{"start":{"line":20,"column":4},"end":{"line":20,"column":5}},"loc":{"start":{"line":21,"column":4},"end":{"line":24,"column":null}}}},"branchMap":{"0":{"loc":{"start":{"line":16,"column":4},"end":{"line":19,"column":null}},"type":"binary-expr","locations":[{"start":{"line":16,"column":4},"end":{"line":16,"column":12}},{"start":{"line":17,"column":4},"end":{"line":19,"column":null}}]},"1":{"loc":{"start":{"line":21,"column":4},"end":{"line":24,"column":null}},"type":"binary-expr","locations":[{"start":{"line":21,"column":4},"end":{"line":21,"column":11}},{"start":{"line":22,"column":4},"end":{"line":24,"column":null}}]}},"s":{"0":0,"1":0,"2":0,"3":0,"4":0,"5":0,"6":0,"7":0,"8":0},"f":{"0":0,"1":0,"2":0,"3":0,"4":0},"b":{"0":[0,0],"1":[0,0]}}
,"/media/nurmuhammad/Projects/personal-finance/src/shared/components/label/index.tsx": {"path":"/media/nurmuhammad/Projects/personal-finance/src/shared/components/label/index.tsx","statementMap":{"0":{"start":{"line":1,"column":0},"end":{"line":1,"column":55}},"1":{"start":{"line":2,"column":0},"end":{"line":2,"column":58}},"2":{"start":{"line":4,"column":14},"end":{"line":12,"column":2}},"3":{"start":{"line":8,"column":2},"end":{"line":10,"column":null}},"4":{"start":{"line":14,"column":0},"end":{"line":14,"column":null}},"5":{"start":{"line":16,"column":0},"end":{"line":16,"column":null}}},"fnMap":{"0":{"name":"(anonymous_0)","decl":{"start":{"line":7,"column":2},"end":{"line":7,"column":3}},"loc":{"start":{"line":8,"column":2},"end":{"line":10,"column":null}}}},"branchMap":{"0":{"loc":{"start":{"line":7,"column":5},"end":{"line":7,"column":20}},"type":"default-arg","locations":[{"start":{"line":7,"column":15},"end":{"line":7,"column":20}}]},"1":{"loc":{"start":{"line":7,"column":22},"end":{"line":7,"column":37}},"type":"default-arg","locations":[{"start":{"line":7,"column":33},"end":{"line":7,"column":37}}]},"2":{"loc":{"start":{"line":10,"column":5},"end":{"line":10,"column":59}},"type":"binary-expr","locations":[{"start":{"line":10,"column":5},"end":{"line":10,"column":13}},{"start":{"line":10,"column":17},"end":{"line":10,"column":59}}]}},"s":{"0":0,"1":0,"2":0,"3":0,"4":0,"5":0},"f":{"0":0},"b":{"0":[0],"1":[0],"2":[0,0]}}
,"/media/nurmuhammad/Projects/personal-finance/src/shared/components/label/styles.ts": {"path":"/media/nurmuhammad/Projects/personal-finance/src/shared/components/label/styles.ts","statementMap":{"0":{"start":{"line":1,"column":0},"end":{"line":1,"column":44}},"1":{"start":{"line":2,"column":0},"end":{"line":2,"column":47}},"2":{"start":{"line":4,"column":13},"end":{"line":14,"column":null}},"3":{"start":{"line":6,"column":26},"end":{"line":6,"column":42}},"4":{"start":{"line":10,"column":4},"end":{"line":13,"column":null}},"5":{"start":{"line":12,"column":30},"end":{"line":12,"column":47}},"6":{"start":{"line":16,"column":13},"end":{"line":18,"column":null}},"7":{"start":{"line":17,"column":26},"end":{"line":17,"column":43}}},"fnMap":{"0":{"name":"(anonymous_6)","decl":{"start":{"line":6,"column":11},"end":{"line":6,"column":12}},"loc":{"start":{"line":6,"column":26},"end":{"line":6,"column":42}}},"1":{"name":"(anonymous_7)","decl":{"start":{"line":9,"column":4},"end":{"line":9,"column":5}},"loc":{"start":{"line":10,"column":4},"end":{"line":13,"column":null}}},"2":{"name":"(anonymous_8)","decl":{"start":{"line":12,"column":15},"end":{"line":12,"column":16}},"loc":{"start":{"line":12,"column":30},"end":{"line":12,"column":47}}},"3":{"name":"(anonymous_9)","decl":{"start":{"line":17,"column":11},"end":{"line":17,"column":12}},"loc":{"start":{"line":17,"column":26},"end":{"line":17,"column":43}}}},"branchMap":{"0":{"loc":{"start":{"line":10,"column":4},"end":{"line":13,"column":null}},"type":"binary-expr","locations":[{"start":{"line":10,"column":4},"end":{"line":10,"column":12}},{"start":{"line":11,"column":4},"end":{"line":13,"column":null}}]}},"s":{"0":0,"1":0,"2":0,"3":0,"4":0,"5":0,"6":0,"7":0},"f":{"0":0,"1":0,"2":0,"3":0},"b":{"0":[0,0]}}
,"/media/nurmuhammad/Projects/personal-finance/src/shared/components/modal/index.tsx": {"path":"/media/nurmuhammad/Projects/personal-finance/src/shared/components/modal/index.tsx","statementMap":{"0":{"start":{"line":2,"column":0},"end":{"line":2,"column":81}},"1":{"start":{"line":3,"column":0},"end":{"line":3,"column":32}},"2":{"start":{"line":6,"column":0},"end":{"line":6,"column":66}},"3":{"start":{"line":9,"column":0},"end":{"line":9,"column":26}},"4":{"start":{"line":10,"column":0},"end":{"line":10,"column":47}},"5":{"start":{"line":13,"column":0},"end":{"line":13,"column":82}},"6":{"start":{"line":30,"column":36},"end":{"line":89,"column":1}},"7":{"start":{"line":41,"column":38},"end":{"line":41,"column":53}},"8":{"start":{"line":42,"column":23},"end":{"line":42,"column":55}},"9":{"start":{"line":43,"column":17},"end":{"line":43,"column":57}},"10":{"start":{"line":45,"column":20},"end":{"line":45,"column":48}},"11":{"start":{"line":46,"column":31},"end":{"line":46,"column":59}},"12":{"start":{"line":48,"column":21},"end":{"line":54,"column":39}},"13":{"start":{"line":49,"column":4},"end":{"line":53,"column":5}},"14":{"start":{"line":50,"column":6},"end":{"line":50,"column":null}},"15":{"start":{"line":52,"column":6},"end":{"line":52,"column":null}},"16":{"start":{"line":56,"column":2},"end":{"line":56,"column":null}},"17":{"start":{"line":57,"column":2},"end":{"line":57,"column":null}},"18":{"start":{"line":59,"column":2},"end":{"line":65,"column":null}},"19":{"start":{"line":60,"column":4},"end":{"line":60,"column":null}},"20":{"start":{"line":62,"column":4},"end":{"line":64,"column":null}},"21":{"start":{"line":63,"column":6},"end":{"line":63,"column":null}},"22":{"start":{"line":67,"column":2},"end":{"line":88,"column":null}},"23":{"start":{"line":69,"column":63},"end":{"line":69,"column":81}},"24":{"start":{"line":91,"column":0},"end":{"line":91,"column":null}}},"fnMap":{"0":{"name":"(anonymous_1)","decl":{"start":{"line":30,"column":36},"end":{"line":30,"column":37}},"loc":{"start":{"line":40,"column":5},"end":{"line":89,"column":1}}},"1":{"name":"(anonymous_2)","decl":{"start":{"line":37,"column":31},"end":{"line":37,"column":34}},"loc":{"start":{"line":37,"column":36},"end":{"line":37,"column":39}}},"2":{"name":"(anonymous_3)","decl":{"start":{"line":48,"column":33},"end":{"line":48,"column":36}},"loc":{"start":{"line":48,"column":38},"end":{"line":54,"column":3}}},"3":{"name":"(anonymous_4)","decl":{"start":{"line":59,"column":12},"end":{"line":59,"column":15}},"loc":{"start":{"line":59,"column":17},"end":{"line":65,"column":3}}},"4":{"name":"(anonymous_5)","decl":{"start":{"line":62,"column":11},"end":{"line":62,"column":14}},"loc":{"start":{"line":62,"column":16},"end":{"line":64,"column":5}}},"5":{"name":"(anonymous_6)","decl":{"start":{"line":69,"column":57},"end":{"line":69,"column":60}},"loc":{"start":{"line":69,"column":63},"end":{"line":69,"column":81}}}},"branchMap":{"0":{"loc":{"start":{"line":32,"column":2},"end":{"line":32,"column":18}},"type":"default-arg","locations":[{"start":{"line":32,"column":11},"end":{"line":32,"column":18}}]},"1":{"loc":{"start":{"line":33,"column":2},"end":{"line":33,"column":20}},"type":"default-arg","locations":[{"start":{"line":33,"column":12},"end":{"line":33,"column":20}}]},"2":{"loc":{"start":{"line":34,"column":2},"end":{"line":34,"column":13}},"type":"default-arg","locations":[{"start":{"line":34,"column":10},"end":{"line":34,"column":13}}]},"3":{"loc":{"start":{"line":35,"column":2},"end":{"line":35,"column":22}},"type":"default-arg","locations":[{"start":{"line":35,"column":18},"end":{"line":35,"column":22}}]},"4":{"loc":{"start":{"line":37,"column":11},"end":{"line":37,"column":39}},"type":"default-arg","locations":[{"start":{"line":37,"column":31},"end":{"line":37,"column":39}}]},"5":{"loc":{"start":{"line":43,"column":17},"end":{"line":43,"column":57}},"type":"cond-expr","locations":[{"start":{"line":43,"column":32},"end":{"line":43,"column":43}},{"start":{"line":43,"column":46},"end":{"line":43,"column":57}}]},"6":{"loc":{"start":{"line":49,"column":4},"end":{"line":53,"column":5}},"type":"if","locations":[{"start":{"line":49,"column":4},"end":{"line":53,"column":5}},{"start":{"line":51,"column":11},"end":{"line":53,"column":5}}]},"7":{"loc":{"start":{"line":60,"column":35},"end":{"line":60,"column":64}},"type":"cond-expr","locations":[{"start":{"line":60,"column":44},"end":{"line":60,"column":52}},{"start":{"line":60,"column":55},"end":{"line":60,"column":64}}]},"8":{"loc":{"start":{"line":69,"column":7},"end":{"line":69,"column":84}},"type":"binary-expr","locations":[{"start":{"line":69,"column":7},"end":{"line":69,"column":20}},{"start":{"line":69,"column":24},"end":{"line":69,"column":34}},{"start":{"line":69,"column":38},"end":{"line":69,"column":84}}]},"9":{"loc":{"start":{"line":71,"column":7},"end":{"line":85,"column":null}},"type":"binary-expr","locations":[{"start":{"line":71,"column":7},"end":{"line":71,"column":13}},{"start":{"line":72,"column":8},"end":{"line":85,"column":null}}]},"10":{"loc":{"start":{"line":76,"column":17},"end":{"line":79,"column":null}},"type":"binary-expr","locations":[{"start":{"line":76,"column":17},"end":{"line":76,"column":30}},{"start":{"line":77,"column":18},"end":{"line":78,"column":null}}]}},"s":{"0":0,"1":0,"2":0,"3":0,"4":0,"5":0,"6":0,"7":0,"8":0,"9":0,"10":0,"11":0,"12":0,"13":0,"14":0,"15":0,"16":0,"17":0,"18":0,"19":0,"20":0,"21":0,"22":0,"23":0,"24":0},"f":{"0":0,"1":0,"2":0,"3":0,"4":0,"5":0},"b":{"0":[0],"1":[0],"2":[0],"3":[0],"4":[0],"5":[0,0],"6":[0,0],"7":[0,0],"8":[0,0,0],"9":[0,0],"10":[0,0]}}
,"/media/nurmuhammad/Projects/personal-finance/src/shared/components/modal/styles.ts": {"path":"/media/nurmuhammad/Projects/personal-finance/src/shared/components/modal/styles.ts","statementMap":{"0":{"start":{"line":1,"column":0},"end":{"line":1,"column":47}},"1":{"start":{"line":3,"column":0},"end":{"line":3,"column":66}},"2":{"start":{"line":7,"column":13},"end":{"line":15,"column":null}},"3":{"start":{"line":17,"column":13},"end":{"line":21,"column":null}},"4":{"start":{"line":20,"column":13},"end":{"line":20,"column":47}},"5":{"start":{"line":23,"column":27},"end":{"line":31,"column":null}},"6":{"start":{"line":33,"column":13},"end":{"line":42,"column":null}},"7":{"start":{"line":36,"column":24},"end":{"line":36,"column":36}},"8":{"start":{"line":38,"column":31},"end":{"line":38,"column":51}},"9":{"start":{"line":40,"column":37},"end":{"line":40,"column":49}},"10":{"start":{"line":41,"column":13},"end":{"line":41,"column":40}},"11":{"start":{"line":44,"column":20},"end":{"line":54,"column":null}},"12":{"start":{"line":56,"column":13},"end":{"line":66,"column":null}},"13":{"start":{"line":62,"column":13},"end":{"line":62,"column":44}},"14":{"start":{"line":64,"column":33},"end":{"line":64,"column":45}},"15":{"start":{"line":68,"column":24},"end":{"line":89,"column":null}}},"fnMap":{"0":{"name":"(anonymous_6)","decl":{"start":{"line":20,"column":4},"end":{"line":20,"column":9}},"loc":{"start":{"line":20,"column":13},"end":{"line":20,"column":47}}},"1":{"name":"(anonymous_7)","decl":{"start":{"line":36,"column":15},"end":{"line":36,"column":20}},"loc":{"start":{"line":36,"column":24},"end":{"line":36,"column":36}}},"2":{"name":"(anonymous_8)","decl":{"start":{"line":38,"column":16},"end":{"line":38,"column":17}},"loc":{"start":{"line":38,"column":31},"end":{"line":38,"column":51}}},"3":{"name":"(anonymous_9)","decl":{"start":{"line":40,"column":22},"end":{"line":40,"column":23}},"loc":{"start":{"line":40,"column":37},"end":{"line":40,"column":49}}},"4":{"name":"(anonymous_10)","decl":{"start":{"line":41,"column":4},"end":{"line":41,"column":9}},"loc":{"start":{"line":41,"column":13},"end":{"line":41,"column":40}}},"5":{"name":"(anonymous_11)","decl":{"start":{"line":62,"column":4},"end":{"line":62,"column":9}},"loc":{"start":{"line":62,"column":13},"end":{"line":62,"column":44}}},"6":{"name":"(anonymous_12)","decl":{"start":{"line":64,"column":18},"end":{"line":64,"column":19}},"loc":{"start":{"line":64,"column":33},"end":{"line":64,"column":45}}}},"branchMap":{},"s":{"0":0,"1":0,"2":0,"3":0,"4":0,"5":0,"6":0,"7":0,"8":0,"9":0,"10":0,"11":0,"12":0,"13":0,"14":0,"15":0},"f":{"0":0,"1":0,"2":0,"3":0,"4":0,"5":0,"6":0},"b":{}}
,"/media/nurmuhammad/Projects/personal-finance/src/shared/components/select/single-select.tsx": {"path":"/media/nurmuhammad/Projects/personal-finance/src/shared/components/select/single-select.tsx","statementMap":{"0":{"start":{"line":1,"column":0},"end":{"line":1,"column":44}},"1":{"start":{"line":2,"column":0},"end":{"line":2,"column":44}},"2":{"start":{"line":5,"column":16},"end":{"line":5,"column":26}},"3":{"start":{"line":7,"column":2},"end":{"line":43,"column":null}},"4":{"start":{"line":10,"column":41},"end":{"line":21,"column":10}},"5":{"start":{"line":22,"column":36},"end":{"line":25,"column":10}},"6":{"start":{"line":26,"column":40},"end":{"line":33,"column":10}},"7":{"start":{"line":34,"column":29},"end":{"line":38,"column":10}},"8":{"start":{"line":46,"column":0},"end":{"line":46,"column":null}}},"fnMap":{"0":{"name":"SingleSelect","decl":{"start":{"line":4,"column":9},"end":{"line":4,"column":21}},"loc":{"start":{"line":4,"column":57},"end":{"line":44,"column":1}}},"1":{"name":"(anonymous_2)","decl":{"start":{"line":10,"column":17},"end":{"line":10,"column":18}},"loc":{"start":{"line":10,"column":41},"end":{"line":21,"column":10}}},"2":{"name":"(anonymous_3)","decl":{"start":{"line":22,"column":21},"end":{"line":22,"column":31}},"loc":{"start":{"line":22,"column":36},"end":{"line":25,"column":10}}},"3":{"name":"(anonymous_4)","decl":{"start":{"line":26,"column":16},"end":{"line":26,"column":17}},"loc":{"start":{"line":26,"column":40},"end":{"line":33,"column":10}}},"4":{"name":"(anonymous_5)","decl":{"start":{"line":34,"column":14},"end":{"line":34,"column":24}},"loc":{"start":{"line":34,"column":29},"end":{"line":38,"column":10}}}},"branchMap":{"0":{"loc":{"start":{"line":12,"column":23},"end":{"line":12,"column":69}},"type":"cond-expr","locations":[{"start":{"line":12,"column":41},"end":{"line":12,"column":54}},{"start":{"line":12,"column":57},"end":{"line":12,"column":69}}]},"1":{"loc":{"start":{"line":19,"column":25},"end":{"line":19,"column":71}},"type":"cond-expr","locations":[{"start":{"line":19,"column":43},"end":{"line":19,"column":56}},{"start":{"line":19,"column":59},"end":{"line":19,"column":71}}]},"2":{"loc":{"start":{"line":28,"column":27},"end":{"line":28,"column":74}},"type":"cond-expr","locations":[{"start":{"line":28,"column":46},"end":{"line":28,"column":58}},{"start":{"line":28,"column":61},"end":{"line":28,"column":74}}]},"3":{"loc":{"start":{"line":29,"column":17},"end":{"line":29,"column":68}},"type":"cond-expr","locations":[{"start":{"line":29,"column":36},"end":{"line":29,"column":49}},{"start":{"line":29,"column":52},"end":{"line":29,"column":68}}]}},"s":{"0":0,"1":0,"2":0,"3":0,"4":0,"5":0,"6":0,"7":0,"8":0},"f":{"0":0,"1":0,"2":0,"3":0,"4":0},"b":{"0":[0,0],"1":[0,0],"2":[0,0],"3":[0,0]}}
,"/media/nurmuhammad/Projects/personal-finance/src/shared/components/sidebar/index.tsx": {"path":"/media/nurmuhammad/Projects/personal-finance/src/shared/components/sidebar/index.tsx","statementMap":{"0":{"start":{"line":2,"column":0},"end":{"line":2,"column":55}},"1":{"start":{"line":5,"column":0},"end":{"line":5,"column":49}},"2":{"start":{"line":8,"column":0},"end":{"line":8,"column":null}},"3":{"start":{"line":20,"column":0},"end":{"line":20,"column":48}},"4":{"start":{"line":22,"column":0},"end":{"line":22,"column":52}},"5":{"start":{"line":24,"column":16},"end":{"line":60,"column":1}},"6":{"start":{"line":26,"column":27},"end":{"line":26,"column":43}},"7":{"start":{"line":28,"column":2},"end":{"line":59,"column":null}},"8":{"start":{"line":52,"column":10},"end":{"line":52,"column":44}},"9":{"start":{"line":61,"column":0},"end":{"line":61,"column":null}}},"fnMap":{"0":{"name":"(anonymous_1)","decl":{"start":{"line":24,"column":16},"end":{"line":24,"column":19}},"loc":{"start":{"line":24,"column":21},"end":{"line":60,"column":1}}},"1":{"name":"(anonymous_2)","decl":{"start":{"line":51,"column":22},"end":{"line":51,"column":23}},"loc":{"start":{"line":52,"column":10},"end":{"line":52,"column":44}}}},"branchMap":{"0":{"loc":{"start":{"line":31,"column":9},"end":{"line":40,"column":null}},"type":"cond-expr","locations":[{"start":{"line":32,"column":10},"end":{"line":32,"column":45}},{"start":{"line":34,"column":10},"end":{"line":39,"column":null}}]}},"s":{"0":1,"1":1,"2":1,"3":1,"4":1,"5":1,"6":1,"7":1,"8":4,"9":1},"f":{"0":1,"1":4},"b":{"0":[0,1]}}
,"/media/nurmuhammad/Projects/personal-finance/src/shared/components/sidebar/sidebarStyle.ts": {"path":"/media/nurmuhammad/Projects/personal-finance/src/shared/components/sidebar/sidebarStyle.ts","statementMap":{"0":{"start":{"line":1,"column":0},"end":{"line":1,"column":42}},"1":{"start":{"line":2,"column":0},"end":{"line":2,"column":79}},"2":{"start":{"line":3,"column":0},"end":{"line":3,"column":47}},"3":{"start":{"line":5,"column":13},"end":{"line":26,"column":null}},"4":{"start":{"line":12,"column":37},"end":{"line":12,"column":57}},"5":{"start":{"line":17,"column":33},"end":{"line":17,"column":45}},"6":{"start":{"line":21,"column":6},"end":{"line":24,"column":null}},"7":{"start":{"line":28,"column":13},"end":{"line":32,"column":null}},"8":{"start":{"line":34,"column":13},"end":{"line":37,"column":null}},"9":{"start":{"line":39,"column":13},"end":{"line":41,"column":null}},"10":{"start":{"line":43,"column":13},"end":{"line":62,"column":null}},"11":{"start":{"line":50,"column":33},"end":{"line":50,"column":45}},"12":{"start":{"line":56,"column":28},"end":{"line":56,"column":41}},"13":{"start":{"line":57,"column":33},"end":{"line":57,"column":45}},"14":{"start":{"line":59,"column":30},"end":{"line":59,"column":43}},"15":{"start":{"line":64,"column":13},"end":{"line":67,"column":null}},"16":{"start":{"line":69,"column":13},"end":{"line":72,"column":null}},"17":{"start":{"line":74,"column":13},"end":{"line":91,"column":null}},"18":{"start":{"line":77,"column":37},"end":{"line":77,"column":57}},"19":{"start":{"line":83,"column":37},"end":{"line":83,"column":49}}},"fnMap":{"0":{"name":"(anonymous_6)","decl":{"start":{"line":12,"column":22},"end":{"line":12,"column":23}},"loc":{"start":{"line":12,"column":37},"end":{"line":12,"column":57}}},"1":{"name":"(anonymous_7)","decl":{"start":{"line":17,"column":18},"end":{"line":17,"column":19}},"loc":{"start":{"line":17,"column":33},"end":{"line":17,"column":45}}},"2":{"name":"(anonymous_8)","decl":{"start":{"line":20,"column":6},"end":{"line":20,"column":7}},"loc":{"start":{"line":21,"column":6},"end":{"line":24,"column":null}}},"3":{"name":"(anonymous_9)","decl":{"start":{"line":50,"column":18},"end":{"line":50,"column":19}},"loc":{"start":{"line":50,"column":33},"end":{"line":50,"column":45}}},"4":{"name":"(anonymous_10)","decl":{"start":{"line":56,"column":13},"end":{"line":56,"column":14}},"loc":{"start":{"line":56,"column":28},"end":{"line":56,"column":41}}},"5":{"name":"(anonymous_11)","decl":{"start":{"line":57,"column":18},"end":{"line":57,"column":19}},"loc":{"start":{"line":57,"column":33},"end":{"line":57,"column":45}}},"6":{"name":"(anonymous_12)","decl":{"start":{"line":59,"column":15},"end":{"line":59,"column":16}},"loc":{"start":{"line":59,"column":30},"end":{"line":59,"column":43}}},"7":{"name":"(anonymous_13)","decl":{"start":{"line":77,"column":22},"end":{"line":77,"column":23}},"loc":{"start":{"line":77,"column":37},"end":{"line":77,"column":57}}},"8":{"name":"(anonymous_14)","decl":{"start":{"line":83,"column":22},"end":{"line":83,"column":23}},"loc":{"start":{"line":83,"column":37},"end":{"line":83,"column":49}}}},"branchMap":{"0":{"loc":{"start":{"line":21,"column":6},"end":{"line":24,"column":null}},"type":"binary-expr","locations":[{"start":{"line":21,"column":6},"end":{"line":21,"column":14}},{"start":{"line":22,"column":6},"end":{"line":24,"column":null}}]}},"s":{"0":1,"1":1,"2":1,"3":1,"4":1,"5":1,"6":1,"7":1,"8":1,"9":1,"10":1,"11":4,"12":4,"13":4,"14":4,"15":1,"16":1,"17":1,"18":1,"19":1},"f":{"0":1,"1":1,"2":1,"3":4,"4":4,"5":4,"6":4,"7":1,"8":1},"b":{"0":[1,1]}}
,"/media/nurmuhammad/Projects/personal-finance/src/shared/components/spinner/index.tsx": {"path":"/media/nurmuhammad/Projects/personal-finance/src/shared/components/spinner/index.tsx","statementMap":{"0":{"start":{"line":1,"column":0},"end":{"line":1,"column":40}},"1":{"start":{"line":3,"column":16},"end":{"line":9,"column":1}},"2":{"start":{"line":4,"column":2},"end":{"line":8,"column":null}},"3":{"start":{"line":11,"column":0},"end":{"line":11,"column":null}}},"fnMap":{"0":{"name":"(anonymous_0)","decl":{"start":{"line":3,"column":16},"end":{"line":3,"column":19}},"loc":{"start":{"line":3,"column":21},"end":{"line":9,"column":1}}}},"branchMap":{},"s":{"0":1,"1":1,"2":2,"3":1},"f":{"0":2},"b":{}}
,"/media/nurmuhammad/Projects/personal-finance/src/shared/components/spinner/styles.ts": {"path":"/media/nurmuhammad/Projects/personal-finance/src/shared/components/spinner/styles.ts","statementMap":{"0":{"start":{"line":1,"column":0},"end":{"line":1,"column":38}},"1":{"start":{"line":3,"column":13},"end":{"line":36,"column":null}}},"fnMap":{},"branchMap":{},"s":{"0":1,"1":1},"f":{},"b":{}}
,"/media/nurmuhammad/Projects/personal-finance/src/shared/components/textarea/index.tsx": {"path":"/media/nurmuhammad/Projects/personal-finance/src/shared/components/textarea/index.tsx","statementMap":{"0":{"start":{"line":1,"column":0},"end":{"line":1,"column":70}},"1":{"start":{"line":2,"column":0},"end":{"line":2,"column":41}},"2":{"start":{"line":4,"column":17},"end":{"line":7,"column":null}},"3":{"start":{"line":6,"column":4},"end":{"line":6,"column":null}},"4":{"start":{"line":10,"column":0},"end":{"line":10,"column":null}}},"fnMap":{"0":{"name":"(anonymous_0)","decl":{"start":{"line":5,"column":2},"end":{"line":5,"column":3}},"loc":{"start":{"line":5,"column":24},"end":{"line":7,"column":3}}}},"branchMap":{},"s":{"0":0,"1":0,"2":0,"3":0,"4":0},"f":{"0":0},"b":{}}
,"/media/nurmuhammad/Projects/personal-finance/src/shared/components/textarea/styles.ts": {"path":"/media/nurmuhammad/Projects/personal-finance/src/shared/components/textarea/styles.ts","statementMap":{"0":{"start":{"line":1,"column":0},"end":{"line":1,"column":38}},"1":{"start":{"line":2,"column":0},"end":{"line":2,"column":39}},"2":{"start":{"line":4,"column":13},"end":{"line":25,"column":null}},"3":{"start":{"line":10,"column":37},"end":{"line":10,"column":48}},"4":{"start":{"line":14,"column":26},"end":{"line":14,"column":42}},"5":{"start":{"line":17,"column":35},"end":{"line":17,"column":48}},"6":{"start":{"line":21,"column":4},"end":{"line":24,"column":null}}},"fnMap":{"0":{"name":"(anonymous_1)","decl":{"start":{"line":10,"column":22},"end":{"line":10,"column":23}},"loc":{"start":{"line":10,"column":37},"end":{"line":10,"column":48}}},"1":{"name":"(anonymous_2)","decl":{"start":{"line":14,"column":11},"end":{"line":14,"column":12}},"loc":{"start":{"line":14,"column":26},"end":{"line":14,"column":42}}},"2":{"name":"(anonymous_3)","decl":{"start":{"line":17,"column":20},"end":{"line":17,"column":21}},"loc":{"start":{"line":17,"column":35},"end":{"line":17,"column":48}}},"3":{"name":"(anonymous_4)","decl":{"start":{"line":20,"column":4},"end":{"line":20,"column":5}},"loc":{"start":{"line":21,"column":4},"end":{"line":24,"column":null}}}},"branchMap":{"0":{"loc":{"start":{"line":21,"column":4},"end":{"line":24,"column":null}},"type":"binary-expr","locations":[{"start":{"line":21,"column":4},"end":{"line":21,"column":12}},{"start":{"line":22,"column":4},"end":{"line":24,"column":null}}]}},"s":{"0":0,"1":0,"2":0,"3":0,"4":0,"5":0,"6":0},"f":{"0":0,"1":0,"2":0,"3":0},"b":{"0":[0,0]}}
,"/media/nurmuhammad/Projects/personal-finance/src/shared/components/typography/section-heading.ts": {"path":"/media/nurmuhammad/Projects/personal-finance/src/shared/components/typography/section-heading.ts","statementMap":{"0":{"start":{"line":1,"column":0},"end":{"line":1,"column":44}},"1":{"start":{"line":2,"column":0},"end":{"line":2,"column":38}},"2":{"start":{"line":4,"column":0},"end":{"line":4,"column":42}},"3":{"start":{"line":6,"column":13},"end":{"line":10,"column":null}},"4":{"start":{"line":9,"column":24},"end":{"line":9,"column":64}}},"fnMap":{"0":{"name":"(anonymous_1)","decl":{"start":{"line":9,"column":5},"end":{"line":9,"column":6}},"loc":{"start":{"line":9,"column":24},"end":{"line":9,"column":64}}}},"branchMap":{"0":{"loc":{"start":{"line":9,"column":24},"end":{"line":9,"column":64}},"type":"binary-expr","locations":[{"start":{"line":9,"column":24},"end":{"line":9,"column":33}},{"start":{"line":9,"column":37},"end":{"line":9,"column":64}}]}},"s":{"0":0,"1":0,"2":0,"3":0,"4":0},"f":{"0":0},"b":{"0":[0,0]}}
,"/media/nurmuhammad/Projects/personal-finance/src/shared/components/typography/subtitle.ts": {"path":"/media/nurmuhammad/Projects/personal-finance/src/shared/components/typography/subtitle.ts","statementMap":{"0":{"start":{"line":1,"column":0},"end":{"line":1,"column":44}},"1":{"start":{"line":2,"column":0},"end":{"line":2,"column":47}},"2":{"start":{"line":4,"column":0},"end":{"line":4,"column":42}},"3":{"start":{"line":6,"column":13},"end":{"line":17,"column":null}},"4":{"start":{"line":8,"column":23},"end":{"line":8,"column":63}},"5":{"start":{"line":9,"column":26},"end":{"line":9,"column":47}},"6":{"start":{"line":13,"column":4},"end":{"line":16,"column":null}}},"fnMap":{"0":{"name":"(anonymous_6)","decl":{"start":{"line":8,"column":4},"end":{"line":8,"column":5}},"loc":{"start":{"line":8,"column":23},"end":{"line":8,"column":63}}},"1":{"name":"(anonymous_7)","decl":{"start":{"line":9,"column":11},"end":{"line":9,"column":12}},"loc":{"start":{"line":9,"column":26},"end":{"line":9,"column":47}}},"2":{"name":"(anonymous_8)","decl":{"start":{"line":12,"column":4},"end":{"line":12,"column":5}},"loc":{"start":{"line":13,"column":4},"end":{"line":16,"column":null}}}},"branchMap":{"0":{"loc":{"start":{"line":8,"column":23},"end":{"line":8,"column":63}},"type":"binary-expr","locations":[{"start":{"line":8,"column":23},"end":{"line":8,"column":32}},{"start":{"line":8,"column":36},"end":{"line":8,"column":63}}]},"1":{"loc":{"start":{"line":13,"column":4},"end":{"line":16,"column":null}},"type":"binary-expr","locations":[{"start":{"line":13,"column":4},"end":{"line":13,"column":13}},{"start":{"line":14,"column":4},"end":{"line":16,"column":null}}]}},"s":{"0":0,"1":0,"2":0,"3":0,"4":0,"5":0,"6":0},"f":{"0":0,"1":0,"2":0},"b":{"0":[0,0],"1":[0,0]}}
,"/media/nurmuhammad/Projects/personal-finance/src/shared/components/typography/title.ts": {"path":"/media/nurmuhammad/Projects/personal-finance/src/shared/components/typography/title.ts","statementMap":{"0":{"start":{"line":1,"column":0},"end":{"line":1,"column":44}},"1":{"start":{"line":2,"column":0},"end":{"line":2,"column":38}},"2":{"start":{"line":4,"column":0},"end":{"line":4,"column":42}},"3":{"start":{"line":6,"column":13},"end":{"line":10,"column":null}},"4":{"start":{"line":9,"column":23},"end":{"line":9,"column":63}}},"fnMap":{"0":{"name":"(anonymous_1)","decl":{"start":{"line":9,"column":4},"end":{"line":9,"column":5}},"loc":{"start":{"line":9,"column":23},"end":{"line":9,"column":63}}}},"branchMap":{"0":{"loc":{"start":{"line":9,"column":23},"end":{"line":9,"column":63}},"type":"binary-expr","locations":[{"start":{"line":9,"column":23},"end":{"line":9,"column":32}},{"start":{"line":9,"column":36},"end":{"line":9,"column":63}}]}},"s":{"0":0,"1":0,"2":0,"3":0,"4":0},"f":{"0":0},"b":{"0":[0,0]}}
,"/media/nurmuhammad/Projects/personal-finance/src/shared/components/typography/utils.ts": {"path":"/media/nurmuhammad/Projects/personal-finance/src/shared/components/typography/utils.ts","statementMap":{"0":{"start":{"line":1,"column":0},"end":{"line":1,"column":39}},"1":{"start":{"line":3,"column":13},"end":{"line":13,"column":null}}},"fnMap":{},"branchMap":{},"s":{"0":0,"1":0},"f":{},"b":{}}
}
