TN:
SF:src/shared/components/flex-box.ts
FN:19,(anonymous_1)
FN:20,(anonymous_2)
FN:21,(anonymous_3)
FN:22,(anonymous_4)
FN:23,(anonymous_5)
FN:24,(anonymous_6)
FN:25,(anonymous_7)
FN:26,(anonymous_8)
FN:27,(anonymous_9)
FN:28,(anonymous_10)
FNF:10
FNH:0
FNDA:0,(anonymous_1)
FNDA:0,(anonymous_2)
FNDA:0,(anonymous_3)
FNDA:0,(anonymous_4)
FNDA:0,(anonymous_5)
FNDA:0,(anonymous_6)
FNDA:0,(anonymous_7)
FNDA:0,(anonymous_8)
FNDA:0,(anonymous_9)
FNDA:0,(anonymous_10)
DA:1,0
DA:17,0
DA:19,0
DA:20,0
DA:21,0
DA:22,0
DA:23,0
DA:24,0
DA:25,0
DA:26,0
DA:27,0
DA:28,0
LF:12
LH:0
BRDA:19,0,0,0
BRDA:19,0,1,0
BRDA:20,1,0,0
BRDA:20,1,1,0
BRDA:21,2,0,0
BRDA:21,2,1,0
BRDA:22,3,0,0
BRDA:22,3,1,0
BRDA:23,4,0,0
BRDA:23,4,1,0
BRDA:24,5,0,0
BRDA:24,5,1,0
BRDA:25,6,0,0
BRDA:25,6,1,0
BRDA:26,7,0,0
BRDA:26,7,1,0
BRDA:27,8,0,0
BRDA:27,8,1,0
BRDA:28,9,0,0
BRDA:28,9,1,0
BRF:20
BRH:0
end_of_record
TN:
SF:src/shared/components/header-wrapper.ts
FN:7,(anonymous_1)
FNF:1
FNH:0
FNDA:0,(anonymous_1)
DA:1,0
DA:2,0
DA:5,0
DA:7,0
LF:4
LH:0
BRDA:7,0,0,0
BRDA:7,0,1,0
BRF:2
BRH:0
end_of_record
TN:
SF:src/shared/components/hello.tsx
FN:1,(anonymous_0)
FNF:1
FNH:1
FNDA:1,(anonymous_0)
DA:1,1
DA:2,1
DA:4,1
LF:3
LH:3
BRF:0
BRH:0
end_of_record
TN:
SF:src/shared/components/link-button.ts
FN:6,(anonymous_1)
FNF:1
FNH:0
FNDA:0,(anonymous_1)
DA:1,0
DA:3,0
DA:6,0
LF:3
LH:0
BRF:0
BRH:0
end_of_record
TN:
SF:src/shared/components/paper.ts
FN:4,(anonymous_1)
FNF:1
FNH:0
FNDA:0,(anonymous_1)
DA:1,0
DA:3,0
DA:4,0
LF:3
LH:0
BRF:0
BRH:0
end_of_record
TN:
SF:src/shared/components/breadcrumbs/index.tsx
FN:10,(anonymous_1)
FN:12,(anonymous_2)
FNF:2
FNH:0
FNDA:0,(anonymous_1)
FNDA:0,(anonymous_2)
DA:2,0
DA:5,0
DA:8,0
DA:10,0
DA:11,0
DA:13,0
DA:21,0
LF:7
LH:0
BRDA:14,0,0,0
BRDA:14,0,1,0
BRDA:15,1,0,0
BRDA:15,1,1,0
BRF:4
BRH:0
end_of_record
TN:
SF:src/shared/components/breadcrumbs/styles.ts
FN:16,(anonymous_1)
FNF:1
FNH:0
FNDA:0,(anonymous_1)
DA:1,0
DA:3,0
DA:5,0
DA:15,0
DA:16,0
LF:5
LH:0
BRF:0
BRH:0
end_of_record
TN:
SF:src/shared/components/button/index.tsx
FN:7,(anonymous_1)
FNF:1
FNH:1
FNDA:5,(anonymous_1)
DA:1,1
DA:2,1
DA:3,1
DA:6,1
DA:8,5
DA:17,1
DA:19,1
LF:7
LH:7
BRDA:7,0,0,5
BRDA:7,1,0,3
BRDA:7,2,0,4
BRDA:10,3,0,5
BRDA:10,3,1,2
BRF:5
BRH:5
end_of_record
TN:
SF:src/shared/components/button/styles.ts
FN:7,(anonymous_6)
FN:8,(anonymous_7)
FN:15,(anonymous_8)
FN:16,(anonymous_9)
FN:19,(anonymous_10)
FN:20,(anonymous_11)
FN:25,(anonymous_12)
FN:27,(anonymous_13)
FN:45,(anonymous_14)
FN:46,(anonymous_15)
FN:52,(anonymous_16)
FNF:11
FNH:5
FNDA:5,(anonymous_6)
FNDA:5,(anonymous_7)
FNDA:0,(anonymous_8)
FNDA:0,(anonymous_9)
FNDA:0,(anonymous_10)
FNDA:0,(anonymous_11)
FNDA:0,(anonymous_12)
FNDA:0,(anonymous_13)
FNDA:5,(anonymous_14)
FNDA:5,(anonymous_15)
FNDA:5,(anonymous_16)
DA:1,1
DA:3,1
DA:5,1
DA:7,5
DA:8,5
DA:15,0
DA:16,0
DA:19,0
DA:20,0
DA:25,0
DA:27,0
DA:32,1
DA:45,5
DA:47,5
DA:53,5
LF:15
LH:9
BRDA:45,0,0,0
BRDA:47,1,0,5
BRDA:47,1,1,2
BRDA:53,2,0,5
BRDA:53,2,1,1
BRF:5
BRH:4
end_of_record
TN:
SF:src/shared/components/category-form/form-schema.ts
FNF:0
FNH:0
DA:1,0
DA:3,0
LF:2
LH:0
BRF:0
BRH:0
end_of_record
TN:
SF:src/shared/components/category-form/income-category-form.tsx
FN:7,(anonymous_1)
FN:12,(anonymous_2)
FNF:2
FNH:0
FNDA:0,(anonymous_1)
FNDA:0,(anonymous_2)
DA:1,0
DA:2,0
DA:3,0
DA:7,0
DA:8,0
DA:9,0
DA:10,0
DA:12,0
DA:13,0
DA:14,0
DA:16,0
DA:20,0
DA:33,0
LF:13
LH:0
BRDA:13,0,0,0
BRDA:13,0,1,0
BRDA:26,1,0,0
BRDA:26,1,1,0
BRF:4
BRH:0
end_of_record
TN:
SF:src/shared/components/category-form/index.tsx
FN:22,(anonymous_1)
FN:36,(anonymous_2)
FN:42,(anonymous_3)
FN:57,(anonymous_4)
FNF:4
FNH:0
FNDA:0,(anonymous_1)
FNDA:0,(anonymous_2)
FNDA:0,(anonymous_3)
FNDA:0,(anonymous_4)
DA:1,0
DA:2,0
DA:3,0
DA:4,0
DA:5,0
DA:6,0
DA:7,0
DA:8,0
DA:9,0
DA:10,0
DA:22,0
DA:31,0
DA:36,0
DA:37,0
DA:38,0
DA:42,0
DA:43,0
DA:44,0
DA:45,0
DA:48,0
DA:58,0
DA:77,0
LF:22
LH:0
BRDA:37,0,0,0
BRDA:37,1,0,0
BRDA:37,1,1,0
BRDA:37,1,2,0
BRDA:50,2,0,0
BRDA:50,2,1,0
BRDA:59,3,0,0
BRDA:59,3,1,0
BRDA:61,4,0,0
BRDA:61,4,1,0
BRF:10
BRH:0
end_of_record
TN:
SF:src/shared/components/category-form/outcome-category-form.tsx
FN:7,(anonymous_1)
FN:12,(anonymous_2)
FNF:2
FNH:0
FNDA:0,(anonymous_1)
FNDA:0,(anonymous_2)
DA:1,0
DA:4,0
DA:5,0
DA:7,0
DA:8,0
DA:9,0
DA:10,0
DA:12,0
DA:13,0
DA:14,0
DA:16,0
DA:20,0
DA:33,0
LF:13
LH:0
BRDA:13,0,0,0
BRDA:13,0,1,0
BRDA:26,1,0,0
BRDA:26,1,1,0
BRF:4
BRH:0
end_of_record
TN:
SF:src/shared/components/category-form/styles.ts
FNF:0
FNH:0
DA:1,0
DA:3,0
LF:2
LH:0
BRF:0
BRH:0
end_of_record
TN:
SF:src/shared/components/data-table/index.tsx
FN:28,DataTable
FN:48,(anonymous_2)
FN:50,(anonymous_3)
FN:62,(anonymous_4)
FN:64,(anonymous_5)
FN:82,(anonymous_6)
FN:84,(anonymous_7)
FNF:7
FNH:0
FNDA:0,DataTable
FNDA:0,(anonymous_2)
FNDA:0,(anonymous_3)
FNDA:0,(anonymous_4)
FNDA:0,(anonymous_5)
FNDA:0,(anonymous_6)
FNDA:0,(anonymous_7)
DA:2,0
DA:13,0
DA:16,0
DA:19,0
DA:28,0
DA:29,0
DA:30,0
DA:32,0
DA:45,0
DA:49,0
DA:51,0
DA:63,0
DA:65,0
DA:83,0
DA:85,0
LF:15
LH:0
BRDA:33,0,0,0
BRDA:33,0,1,0
BRDA:53,1,0,0
BRDA:53,1,1,0
BRDA:61,2,0,0
BRDA:61,2,1,0
BRDA:77,3,0,0
BRDA:77,3,1,0
BRDA:81,4,0,0
BRDA:81,4,1,0
BRDA:83,5,0,0
BRDA:83,5,1,0
BRF:12
BRH:0
end_of_record
TN:
SF:src/shared/components/data-table/styles.ts
FN:15,(anonymous_1)
FN:16,(anonymous_2)
FN:34,(anonymous_3)
FN:40,(anonymous_4)
FN:50,(anonymous_5)
FN:52,(anonymous_6)
FN:64,(anonymous_7)
FN:70,(anonymous_8)
FNF:8
FNH:0
FNDA:0,(anonymous_1)
FNDA:0,(anonymous_2)
FNDA:0,(anonymous_3)
FNDA:0,(anonymous_4)
FNDA:0,(anonymous_5)
FNDA:0,(anonymous_6)
FNDA:0,(anonymous_7)
FNDA:0,(anonymous_8)
DA:1,0
DA:2,0
DA:4,0
DA:14,0
DA:15,0
DA:16,0
DA:19,0
DA:25,0
DA:33,0
DA:34,0
DA:40,0
DA:44,0
DA:50,0
DA:52,0
DA:61,0
DA:64,0
DA:67,0
DA:70,0
LF:18
LH:0
BRF:0
BRH:0
end_of_record
TN:
SF:src/shared/components/data-table/table-components.tsx
FN:16,(anonymous_0)
FN:25,(anonymous_1)
FN:31,(anonymous_2)
FN:36,(anonymous_3)
FN:40,(anonymous_4)
FN:47,(anonymous_5)
FN:53,(anonymous_6)
FN:59,(anonymous_7)
FNF:8
FNH:0
FNDA:0,(anonymous_0)
FNDA:0,(anonymous_1)
FNDA:0,(anonymous_2)
FNDA:0,(anonymous_3)
FNDA:0,(anonymous_4)
FNDA:0,(anonymous_5)
FNDA:0,(anonymous_6)
FNDA:0,(anonymous_7)
DA:1,0
DA:2,0
DA:16,0
DA:17,0
DA:22,0
DA:24,0
DA:25,0
DA:28,0
DA:30,0
DA:31,0
DA:33,0
DA:35,0
DA:36,0
DA:38,0
DA:40,0
DA:41,0
DA:44,0
DA:46,0
DA:47,0
DA:50,0
DA:52,0
DA:53,0
DA:56,0
DA:58,0
DA:59,0
DA:62,0
DA:64,0
LF:27
LH:0
BRF:0
BRH:0
end_of_record
TN:
SF:src/shared/components/dropdown/index.tsx
FN:19,(anonymous_6)
FN:20,(anonymous_7)
FN:29,(anonymous_8)
FN:39,(anonymous_9)
FN:50,(anonymous_10)
FN:65,(anonymous_11)
FN:71,(anonymous_12)
FN:78,(anonymous_13)
FN:82,(anonymous_14)
FNF:9
FNH:0
FNDA:0,(anonymous_6)
FNDA:0,(anonymous_7)
FNDA:0,(anonymous_8)
FNDA:0,(anonymous_9)
FNDA:0,(anonymous_10)
FNDA:0,(anonymous_11)
FNDA:0,(anonymous_12)
FNDA:0,(anonymous_13)
FNDA:0,(anonymous_14)
DA:2,0
DA:3,0
DA:6,0
DA:9,0
DA:17,0
DA:23,0
DA:29,0
DA:30,0
DA:32,0
DA:33,0
DA:36,0
DA:39,0
DA:40,0
DA:42,0
DA:48,0
DA:50,0
DA:51,0
DA:52,0
DA:56,0
DA:58,0
DA:65,0
DA:66,0
DA:68,0
DA:71,0
DA:72,0
DA:74,0
DA:77,0
DA:79,0
DA:81,0
DA:82,0
DA:91,0
DA:93,0
LF:32
LH:0
BRDA:32,0,0,0
BRDA:51,1,0,0
BRF:2
BRH:0
end_of_record
TN:
SF:src/shared/components/dropdown/styles.ts
FN:38,(anonymous_6)
FN:41,(anonymous_7)
FN:44,(anonymous_8)
FN:45,(anonymous_9)
FN:57,(anonymous_10)
FN:60,(anonymous_11)
FNF:6
FNH:0
FNDA:0,(anonymous_6)
FNDA:0,(anonymous_7)
FNDA:0,(anonymous_8)
FNDA:0,(anonymous_9)
FNDA:0,(anonymous_10)
FNDA:0,(anonymous_11)
DA:1,0
DA:3,0
DA:16,0
DA:29,0
DA:34,0
DA:38,0
DA:41,0
DA:44,0
DA:45,0
DA:48,0
DA:57,0
DA:60,0
DA:74,0
LF:13
LH:0
BRDA:44,0,0,0
BRDA:44,0,1,0
BRDA:45,1,0,0
BRDA:45,1,1,0
BRF:4
BRH:0
end_of_record
TN:
SF:src/shared/components/form/form-demo.tsx
FN:13,(anonymous_7)
FN:21,onSubmit
FN:32,(anonymous_9)
FNF:3
FNH:0
FNDA:0,(anonymous_7)
FNDA:0,onSubmit
FNDA:0,(anonymous_9)
DA:1,0
DA:2,0
DA:3,0
DA:4,0
DA:5,0
DA:7,0
DA:13,0
DA:14,0
DA:22,0
DA:25,0
DA:33,0
DA:48,0
LF:12
LH:0
BRF:0
BRH:0
end_of_record
TN:
SF:src/shared/components/form/index.tsx
FN:18,(anonymous_7)
FN:31,(anonymous_8)
FN:60,(anonymous_9)
FN:81,(anonymous_10)
FN:89,(anonymous_11)
FN:106,(anonymous_12)
FN:116,(anonymous_13)
FNF:7
FNH:0
FNDA:0,(anonymous_7)
FNDA:0,(anonymous_8)
FNDA:0,(anonymous_9)
FNDA:0,(anonymous_10)
FNDA:0,(anonymous_11)
FNDA:0,(anonymous_12)
FNDA:0,(anonymous_13)
DA:1,0
DA:2,0
DA:3,0
DA:4,0
DA:5,0
DA:7,0
DA:16,0
DA:18,0
DA:24,0
DA:31,0
DA:32,0
DA:33,0
DA:34,0
DA:36,0
DA:38,0
DA:39,0
DA:42,0
DA:44,0
DA:58,0
DA:60,0
DA:61,0
DA:63,0
DA:76,0
DA:78,0
DA:82,0
DA:84,0
DA:86,0
DA:88,0
DA:90,0
DA:92,0
DA:103,0
DA:105,0
DA:107,0
DA:109,0
DA:113,0
DA:115,0
DA:117,0
DA:118,0
DA:120,0
DA:121,0
DA:124,0
DA:132,0
DA:134,0
LF:43
LH:0
BRDA:38,0,0,0
BRDA:81,1,0,0
BRDA:96,2,0,0
BRDA:96,2,1,0
BRDA:118,3,0,0
BRDA:118,3,1,0
BRDA:120,4,0,0
BRF:7
BRH:0
end_of_record
TN:
SF:src/shared/components/form/styles.ts
FN:6,(anonymous_1)
FN:12,(anonymous_2)
FNF:2
FNH:0
FNDA:0,(anonymous_1)
FNDA:0,(anonymous_2)
DA:1,0
DA:2,0
DA:4,0
DA:6,0
DA:10,0
DA:12,0
LF:6
LH:0
BRF:0
BRH:0
end_of_record
TN:
SF:src/shared/components/icon/index.tsx
FN:4,(anonymous_0)
FNF:1
FNH:1
FNDA:5,(anonymous_0)
DA:2,1
DA:4,1
DA:5,5
DA:8,1
LF:4
LH:4
BRF:0
BRH:0
end_of_record
TN:
SF:src/shared/components/input/index.tsx
FN:14,(anonymous_1)
FNF:1
FNH:0
FNDA:0,(anonymous_1)
DA:2,0
DA:5,0
DA:8,0
DA:14,0
DA:15,0
DA:16,0
DA:26,0
DA:38,0
DA:40,0
LF:9
LH:0
BRDA:15,0,0,0
BRF:1
BRH:0
end_of_record
TN:
SF:src/shared/components/input/styles.ts
FN:5,(anonymous_6)
FN:9,(anonymous_7)
FN:12,(anonymous_8)
FN:15,(anonymous_9)
FN:20,(anonymous_10)
FNF:5
FNH:0
FNDA:0,(anonymous_6)
FNDA:0,(anonymous_7)
FNDA:0,(anonymous_8)
FNDA:0,(anonymous_9)
FNDA:0,(anonymous_10)
DA:1,0
DA:3,0
DA:5,0
DA:9,0
DA:12,0
DA:16,0
DA:21,0
DA:27,0
DA:32,0
LF:9
LH:0
BRDA:16,0,0,0
BRDA:16,0,1,0
BRDA:21,1,0,0
BRDA:21,1,1,0
BRF:4
BRH:0
end_of_record
TN:
SF:src/shared/components/label/index.tsx
FN:7,(anonymous_0)
FNF:1
FNH:0
FNDA:0,(anonymous_0)
DA:1,0
DA:2,0
DA:4,0
DA:8,0
DA:14,0
DA:16,0
LF:6
LH:0
BRDA:7,0,0,0
BRDA:7,1,0,0
BRDA:10,2,0,0
BRDA:10,2,1,0
BRF:4
BRH:0
end_of_record
TN:
SF:src/shared/components/label/styles.ts
FN:6,(anonymous_6)
FN:9,(anonymous_7)
FN:12,(anonymous_8)
FN:17,(anonymous_9)
FNF:4
FNH:0
FNDA:0,(anonymous_6)
FNDA:0,(anonymous_7)
FNDA:0,(anonymous_8)
FNDA:0,(anonymous_9)
DA:1,0
DA:2,0
DA:4,0
DA:6,0
DA:10,0
DA:12,0
DA:16,0
DA:17,0
LF:8
LH:0
BRDA:10,0,0,0
BRDA:10,0,1,0
BRF:2
BRH:0
end_of_record
TN:
SF:src/shared/components/modal/index.tsx
FN:30,(anonymous_1)
FN:37,(anonymous_2)
FN:48,(anonymous_3)
FN:59,(anonymous_4)
FN:62,(anonymous_5)
FN:69,(anonymous_6)
FNF:6
FNH:0
FNDA:0,(anonymous_1)
FNDA:0,(anonymous_2)
FNDA:0,(anonymous_3)
FNDA:0,(anonymous_4)
FNDA:0,(anonymous_5)
FNDA:0,(anonymous_6)
DA:2,0
DA:3,0
DA:6,0
DA:9,0
DA:10,0
DA:13,0
DA:30,0
DA:41,0
DA:42,0
DA:43,0
DA:45,0
DA:46,0
DA:48,0
DA:49,0
DA:50,0
DA:52,0
DA:56,0
DA:57,0
DA:59,0
DA:60,0
DA:62,0
DA:63,0
DA:67,0
DA:69,0
DA:91,0
LF:25
LH:0
BRDA:32,0,0,0
BRDA:33,1,0,0
BRDA:34,2,0,0
BRDA:35,3,0,0
BRDA:37,4,0,0
BRDA:43,5,0,0
BRDA:43,5,1,0
BRDA:49,6,0,0
BRDA:49,6,1,0
BRDA:60,7,0,0
BRDA:60,7,1,0
BRDA:69,8,0,0
BRDA:69,8,1,0
BRDA:69,8,2,0
BRDA:71,9,0,0
BRDA:71,9,1,0
BRDA:76,10,0,0
BRDA:76,10,1,0
BRF:18
BRH:0
end_of_record
TN:
SF:src/shared/components/modal/styles.ts
FN:20,(anonymous_6)
FN:36,(anonymous_7)
FN:38,(anonymous_8)
FN:40,(anonymous_9)
FN:41,(anonymous_10)
FN:62,(anonymous_11)
FN:64,(anonymous_12)
FNF:7
FNH:0
FNDA:0,(anonymous_6)
FNDA:0,(anonymous_7)
FNDA:0,(anonymous_8)
FNDA:0,(anonymous_9)
FNDA:0,(anonymous_10)
FNDA:0,(anonymous_11)
FNDA:0,(anonymous_12)
DA:1,0
DA:3,0
DA:7,0
DA:17,0
DA:20,0
DA:23,0
DA:33,0
DA:36,0
DA:38,0
DA:40,0
DA:41,0
DA:44,0
DA:56,0
DA:62,0
DA:64,0
DA:68,0
LF:16
LH:0
BRF:0
BRH:0
end_of_record
TN:
SF:src/shared/components/select/single-select.tsx
FN:4,SingleSelect
FN:10,(anonymous_2)
FN:22,(anonymous_3)
FN:26,(anonymous_4)
FN:34,(anonymous_5)
FNF:5
FNH:0
FNDA:0,SingleSelect
FNDA:0,(anonymous_2)
FNDA:0,(anonymous_3)
FNDA:0,(anonymous_4)
FNDA:0,(anonymous_5)
DA:1,0
DA:2,0
DA:5,0
DA:7,0
DA:10,0
DA:22,0
DA:26,0
DA:34,0
DA:46,0
LF:9
LH:0
BRDA:12,0,0,0
BRDA:12,0,1,0
BRDA:19,1,0,0
BRDA:19,1,1,0
BRDA:28,2,0,0
BRDA:28,2,1,0
BRDA:29,3,0,0
BRDA:29,3,1,0
BRF:8
BRH:0
end_of_record
TN:
SF:src/shared/components/sidebar/index.tsx
FN:24,(anonymous_1)
FN:51,(anonymous_2)
FNF:2
FNH:2
FNDA:1,(anonymous_1)
FNDA:4,(anonymous_2)
DA:2,1
DA:5,1
DA:8,1
DA:20,1
DA:22,1
DA:24,1
DA:26,1
DA:28,1
DA:52,4
DA:61,1
LF:10
LH:10
BRDA:31,0,0,0
BRDA:31,0,1,1
BRF:2
BRH:1
end_of_record
TN:
SF:src/shared/components/sidebar/sidebarStyle.ts
FN:12,(anonymous_6)
FN:17,(anonymous_7)
FN:20,(anonymous_8)
FN:50,(anonymous_9)
FN:56,(anonymous_10)
FN:57,(anonymous_11)
FN:59,(anonymous_12)
FN:77,(anonymous_13)
FN:83,(anonymous_14)
FNF:9
FNH:9
FNDA:1,(anonymous_6)
FNDA:1,(anonymous_7)
FNDA:1,(anonymous_8)
FNDA:4,(anonymous_9)
FNDA:4,(anonymous_10)
FNDA:4,(anonymous_11)
FNDA:4,(anonymous_12)
FNDA:1,(anonymous_13)
FNDA:1,(anonymous_14)
DA:1,1
DA:2,1
DA:3,1
DA:5,1
DA:12,1
DA:17,1
DA:21,1
DA:28,1
DA:34,1
DA:39,1
DA:43,1
DA:50,4
DA:56,4
DA:57,4
DA:59,4
DA:64,1
DA:69,1
DA:74,1
DA:77,1
DA:83,1
LF:20
LH:20
BRDA:21,0,0,1
BRDA:21,0,1,1
BRF:2
BRH:2
end_of_record
TN:
SF:src/shared/components/spinner/index.tsx
FN:3,(anonymous_0)
FNF:1
FNH:1
FNDA:2,(anonymous_0)
DA:1,1
DA:3,1
DA:4,2
DA:11,1
LF:4
LH:4
BRF:0
BRH:0
end_of_record
TN:
SF:src/shared/components/spinner/styles.ts
FNF:0
FNH:0
DA:1,1
DA:3,1
LF:2
LH:2
BRF:0
BRH:0
end_of_record
TN:
SF:src/shared/components/textarea/index.tsx
FN:5,(anonymous_0)
FNF:1
FNH:0
FNDA:0,(anonymous_0)
DA:1,0
DA:2,0
DA:4,0
DA:6,0
DA:10,0
LF:5
LH:0
BRF:0
BRH:0
end_of_record
TN:
SF:src/shared/components/textarea/styles.ts
FN:10,(anonymous_1)
FN:14,(anonymous_2)
FN:17,(anonymous_3)
FN:20,(anonymous_4)
FNF:4
FNH:0
FNDA:0,(anonymous_1)
FNDA:0,(anonymous_2)
FNDA:0,(anonymous_3)
FNDA:0,(anonymous_4)
DA:1,0
DA:2,0
DA:4,0
DA:10,0
DA:14,0
DA:17,0
DA:21,0
LF:7
LH:0
BRDA:21,0,0,0
BRDA:21,0,1,0
BRF:2
BRH:0
end_of_record
TN:
SF:src/shared/components/typography/section-heading.ts
FN:9,(anonymous_1)
FNF:1
FNH:0
FNDA:0,(anonymous_1)
DA:1,0
DA:2,0
DA:4,0
DA:6,0
DA:9,0
LF:5
LH:0
BRDA:9,0,0,0
BRDA:9,0,1,0
BRF:2
BRH:0
end_of_record
TN:
SF:src/shared/components/typography/subtitle.ts
FN:8,(anonymous_6)
FN:9,(anonymous_7)
FN:12,(anonymous_8)
FNF:3
FNH:0
FNDA:0,(anonymous_6)
FNDA:0,(anonymous_7)
FNDA:0,(anonymous_8)
DA:1,0
DA:2,0
DA:4,0
DA:6,0
DA:8,0
DA:9,0
DA:13,0
LF:7
LH:0
BRDA:8,0,0,0
BRDA:8,0,1,0
BRDA:13,1,0,0
BRDA:13,1,1,0
BRF:4
BRH:0
end_of_record
TN:
SF:src/shared/components/typography/title.ts
FN:9,(anonymous_1)
FNF:1
FNH:0
FNDA:0,(anonymous_1)
DA:1,0
DA:2,0
DA:4,0
DA:6,0
DA:9,0
LF:5
LH:0
BRDA:9,0,0,0
BRDA:9,0,1,0
BRF:2
BRH:0
end_of_record
TN:
SF:src/shared/components/typography/utils.ts
FNF:0
FNH:0
DA:1,0
DA:3,0
LF:2
LH:0
BRF:0
BRH:0
end_of_record
